#
# A fatal error has been detected by the Java Runtime Environment:
#
#  Internal Error (jvmciRuntime.cpp:1609), pid=80, tid=154
#  fatal error: Fatal exception in JVMCI: Error calling jdk.vm.ci.services.Services.serializeSavedProperties
#
# JRE version: OpenJDK Runtime Environment GraalVM CE 22.3.0 (17.0.5+8) (build 17.0.5+8-jvmci-22.3-b08)
# Java VM: OpenJDK 64-Bit Server VM GraalVM CE 22.3.0 (17.0.5+8-jvmci-22.3-b08, mixed mode, sharing, tiered, jvmci, jvmci compiler, compressed oops, compressed class ptrs, parallel gc, linux-amd64)
# Problematic frame:
# V  [libjvm.so+0x972714]  JVMCIRuntime::fatal_exception(JVMCIEnv*, char const*)+0x74
#
# Core dump will be written. Default location: Core dumps may be processed with "/usr/share/apport/apport -p%p -s%s -c%c -d%d -P%P -u%u -g%g -- %E" (or dumping to /home/runner/wumpus/core.80)
#
# If you would like to submit a bug report, please visit:
#   https://github.com/oracle/graal/issues
#

---------------  S U M M A R Y ------------

Command Line: -XX:ThreadPriorityPolicy=1 -XX:+UnlockExperimentalVMOptions -XX:+EnableJVMCIProduct -XX:JVMCIThreadsPerNativeLibraryRuntime=1 -XX:-UnlockExperimentalVMOptions -Declipse.application=org.eclipse.jdt.ls.core.id1 -Dosgi.bundles.defaultStartLevel=4 -Declipse.product=org.eclipse.jdt.ls.core.product -Dlog.level=ALL -Xverify:none -XX:+UseParallelGC -XX:GCTimeRatio=4 -XX:AdaptiveSizePolicyWeight=90 -Dsun.zip.disableMemoryMapping=true -Xmx512m -Xms100m /nix/store/q9712qvwdh22a4krw4jz2sjrz07mvjbl-jdt-language-server-1.9.0/share/java/plugins/org.eclipse.equinox.launcher_1.6.400.v20210924-0641.jar --add-modules=ALL-SYSTEM --add-opens java.base/java.util=ALL-UNNAMED --add-opens java.base/java.lang=ALL-UNNAMED -configuration /home/runner/wumpus/.cache/jdt-language-server/config -data /home/runner/.cache/jdt-language-server/data/home/runner/wumpus

Host: Intel(R) Xeon(R) CPU @ 2.20GHz, 8 cores, 1G, Ubuntu 20.04.2 LTS
Time: Fri Feb  2 21:13:13 2024 UTC elapsed time: 1282.398661 seconds (0d 0h 21m 22s)

---------------  T H R E A D  ---------------

Current thread (0x00007fd4300b1c60):  JavaThread "JVMCI-native CompilerThread0" daemon [_thread_in_vm, id=154, stack(0x00007fd434e1a000,0x00007fd43501a000)]


Current CompileTask:
JVMCI-native:1282398 8757       4       java.util.regex.Pattern::newSlice (181 bytes)

Stack: [0x00007fd434e1a000,0x00007fd43501a000],  sp=0x00007fd435018380,  free space=2040k
Native frames: (J=compiled Java code, j=interpreted, Vv=VM code, C=native code)
V  [libjvm.so+0x972714]  JVMCIRuntime::fatal_exception(JVMCIEnv*, char const*)+0x74
V  [libjvm.so+0x93e2fe]  JVMCIEnv::copy_saved_properties()+0x14e
V  [libjvm.so+0x9732a9]  JVMCIRuntime::initialize(JVMCIEnv*)+0xb19
V  [libjvm.so+0x9738a2]  JVMCIRuntime::get_HotSpotJVMCIRuntime(JVMCIEnv*)+0x12
V  [libjvm.so+0x9749f2]  JVMCIRuntime::compile_method(JVMCIEnv*, JVMCICompiler*, methodHandle const&, int)+0xd2
V  [libjvm.so+0x5b0d20]  CompileBroker::invoke_compiler_on_method(CompileTask*)+0x1470
V  [libjvm.so+0x5b12e8]  CompileBroker::compiler_thread_loop()+0x528
V  [libjvm.so+0xd82460]  JavaThread::thread_main_inner()+0xd0
V  [libjvm.so+0xd85a40]  Thread::call_run()+0xc0
V  [libjvm.so+0xbdb1e1]  thread_native_entry(Thread*)+0xe1

Register to memory mapping:

RAX=0x00007fd437f31000 points into unknown readable memory: 0x0000000000000058 | 58 00 00 00 00 00 00 00
RBX=0x00007fd43902c398: <offset 0x0000000000ef5398> in /nix/store/gpxl5qgg8kicmcvivwmybwjlpf7wh20l-graalvm17-ce-22.3.0/lib/server/libjvm.so at 0x00007fd438137000
RCX=0x00007fd438fe41e8: <offset 0x0000000000ead1e8> in /nix/store/gpxl5qgg8kicmcvivwmybwjlpf7wh20l-graalvm17-ce-22.3.0/lib/server/libjvm.so at 0x00007fd438137000
RDX=0x0000000000000649 is an unknown value
RSP=0x00007fd435018380 is pointing into the stack for thread: 0x00007fd4300b1c60
RBP=0x00007fd4350183a0 is pointing into the stack for thread: 0x00007fd4300b1c60
RSI=0x00007fd43902cc48: <offset 0x0000000000ef5c48> in /nix/store/gpxl5qgg8kicmcvivwmybwjlpf7wh20l-graalvm17-ce-22.3.0/lib/server/libjvm.so at 0x00007fd438137000
RDI=0x00000000e0000000 is an oop: java.util.LinkedHashMap$Entry 
{0x00000000e0000000} - klass: 'java/util/LinkedHashMap$Entry'
 - ---- fields (total size 5 words):
 - final 'hash' 'I' @12  -2034522908 (86bba4e4)
 - final 'key' 'Ljava/lang/Object;' @16  a 'java/util/jar/Attributes$Name'{0x00000000e05db338} (e05db338)
 - 'value' 'Ljava/lang/Object;' @20  "ULYY6/Io39k5Uwm/4g2FjTkmgpdO1SgdL8DpDWZ5uNA="{0x00000000e0000028} (e0000028)
 - 'next' 'Ljava/util/HashMap$Node;' @24  NULL (0)
 - 'before' 'Ljava/util/LinkedHashMap$Entry;' @28  NULL (0)
 - 'after' 'Ljava/util/LinkedHashMap$Entry;' @32  NULL (0)
R8 =0x00007fd43902c398: <offset 0x0000000000ef5398> in /nix/store/gpxl5qgg8kicmcvivwmybwjlpf7wh20l-graalvm17-ce-22.3.0/lib/server/libjvm.so at 0x00007fd438137000
R9 =0x0000000000000003 is an unknown value
R10=0x00007fd43937dda0: <offset 0x0000000001246da0> in /nix/store/gpxl5qgg8kicmcvivwmybwjlpf7wh20l-graalvm17-ce-22.3.0/lib/server/libjvm.so at 0x00007fd438137000
R11=0x000000080044f048 is pointing into metadata
R12=0x0 is NULL
R13=0x00007fd4300b1c60 is a thread
R14=0x00007fd430000b80 points into unknown readable memory: 0x00007fd43925da38 | 38 da 25 39 d4 7f 00 00
R15=0x00007fd43936be40: <offset 0x0000000001234e40> in /nix/store/gpxl5qgg8kicmcvivwmybwjlpf7wh20l-graalvm17-ce-22.3.0/lib/server/libjvm.so at 0x00007fd438137000


Registers:
RAX=0x00007fd437f31000, RBX=0x00007fd43902c398, RCX=0x00007fd438fe41e8, RDX=0x0000000000000649
RSP=0x00007fd435018380, RBP=0x00007fd4350183a0, RSI=0x00007fd43902cc48, RDI=0x00000000e0000000
R8 =0x00007fd43902c398, R9 =0x0000000000000003, R10=0x00007fd43937dda0, R11=0x000000080044f048
R12=0x0000000000000000, R13=0x00007fd4300b1c60, R14=0x00007fd430000b80, R15=0x00007fd43936be40
RIP=0x00007fd438aa9714, EFLAGS=0x0000000000010206, CSGSFS=0x002b000000000033, ERR=0x0000000000000006
  TRAPNO=0x000000000000000e

Top of Stack: (sp=0x00007fd435018380)
0x00007fd435018380:   00007fd435018940 00007fd4300b1c60
0x00007fd435018390:   00007fd4368c28c8 0000000800c417a0
0x00007fd4350183a0:   00007fd435018500 00007fd438a752fe
0x00007fd4350183b0:   00007fd4350183e0 00007fd435018440 

Instructions: (pc=0x00007fd438aa9714)
0x00007fd438aa9614:   30 e8 f6 cf e8 ff 4c 89 e7 e8 2e 48 d1 ff 84 db
0x00007fd438aa9624:   75 2a 4d 85 ed 74 04 4d 8b 6d 00 48 83 c4 08 44
0x00007fd438aa9634:   89 f9 4c 89 f2 4c 89 ee 5b 4c 89 e7 41 5c 41 5d
0x00007fd438aa9644:   41 5e 41 5f 5d e9 e2 47 d1 ff 66 90 48 83 c4 08
0x00007fd438aa9654:   5b 41 5c 41 5d 41 5e 41 5f 5d c3 90 31 d2 be 08
0x00007fd438aa9664:   00 00 00 4c 89 ff e8 b1 78 a3 ff 49 89 c5 e9 37
0x00007fd438aa9674:   ff ff ff 66 0f 1f 84 00 00 00 00 00 48 8b 7a 08
0x00007fd438aa9684:   e9 6d ff ff ff 0f 1f 80 00 00 00 00 e8 5b 48 0a
0x00007fd438aa9694:   00 84 c0 75 89 e9 6a ff ff ff 66 90 55 48 89 e5
0x00007fd438aa96a4:   41 56 41 55 41 54 49 89 fc 53 48 89 f3 66 48 8d
0x00007fd438aa96b4:   3d 27 5e 85 00 66 66 48 e8 df 43 8d ff 4c 8b 28
0x00007fd438aa96c4:   8b 05 be 72 8a 00 85 c0 75 14 ba 01 00 00 00 48
0x00007fd438aa96d4:   8d 0d ae 72 8a 00 f0 0f b1 11 85 c0 74 4e be c8
0x00007fd438aa96e4:   00 00 00 4c 89 ef e8 01 0b 41 00 48 8d 05 12 ac
0x00007fd438aa96f4:   85 00 49 89 d8 48 8d 0d e8 aa 53 00 ba 49 06 00
0x00007fd438aa9704:   00 48 8d 35 3c 35 58 00 bf 00 00 00 e0 48 8b 00
0x00007fd438aa9714:   c6 00 58 31 c0 e8 e2 91 c6 ff 5b 41 5c 41 5d 41
0x00007fd438aa9724:   5e 5d e9 55 34 26 00 0f 1f 44 00 00 48 8d 05 81
0x00007fd438aa9734:   a3 8b 00 48 89 df 4c 8b 30 e8 9e 43 8d ff 48 89
0x00007fd438aa9744:   de 48 89 c2 49 8b 06 4c 89 f7 ff 50 08 4c 89 f7
0x00007fd438aa9754:   e8 a7 5c 27 00 4d 85 e4 74 12 be 01 00 00 00 4c
0x00007fd438aa9764:   89 e7 e8 35 43 fc ff eb 82 0f 1f 00 be 01 00 00
0x00007fd438aa9774:   00 4c 89 ef e8 d3 fd ff ff e9 6d ff ff ff 66 66
0x00007fd438aa9784:   2e 0f 1f 84 00 00 00 00 00 0f 1f 00 55 48 89 e5
0x00007fd438aa9794:   41 57 41 56 41 55 41 54 53 48 81 ec 08 02 00 00
0x00007fd438aa97a4:   64 48 8b 04 25 28 00 00 00 48 89 45 c8 8b 07 83
0x00007fd438aa97b4:   f8 02 0f 84 11 04 00 00 4c 8b 6f 18 49 89 ff 49
0x00007fd438aa97c4:   89 f4 4d 85 ed 74 14 4c 89 ef e8 5d 57 22 00 41
0x00007fd438aa97d4:   8b 07 83 f8 02 0f 84 19 04 00 00 48 8d 1d 9a 06
0x00007fd438aa97e4:   8a 00 4c 8d 35 0b 3c 58 00 eb 38 90 48 85 d2 7f
0x00007fd438aa97f4:   0d 48 8d 05 b4 c0 85 00 48 83 38 00 7e 0e 41 8b
0x00007fd438aa9804:   77 2c 4c 89 f7 31 c0 e8 a0 b2 f7 ff 49 8b 7f 18 


Stack slot to memory mapping:
stack at sp + 0 slots: 0x00007fd435018940 is pointing into the stack for thread: 0x00007fd4300b1c60
stack at sp + 1 slots: 0x00007fd4300b1c60 is a thread
stack at sp + 2 slots: 0x00007fd4368c28c8 points into unknown readable memory: 0x65730018052dffff | ff ff 2d 05 18 00 73 65
stack at sp + 3 slots: 0x0000000800c417a0 is a pointer to class: 
jdk.vm.ci.services.Services {0x0000000800c417a0}
 - instance size:     2
 - klass size:        65
 - access:            public final synchronized 
 - state:             fully_initialized
 - name:              'jdk/vm/ci/services/Services'
 - super:             'java/lang/Object'
 - sub:               
 - arrays:            NULL
 - methods:           Array<T>(0x00007fd435842c78)
 - method ordering:   Array<T>(0x0000000800928960)
 - default_methods:   Array<T>(0x0000000000000000)
 - local interfaces:  Array<T>(0x00000008005ce810)
 - trans. interfaces: Array<T>(0x00000008005ce810)
 - constants:         constant pool [427] {0x00007fd435841d58} for 'jdk/vm/ci/services/Services' cache=0x00007fd435843f48
 - class loader data:  loader data: 0x00007fd430027cf0 of 'bootstrap'
 - source file:       'Services.java'
 - class annotations:       Array<T>(0x0000000000000000)
 - class type annotations:  Array<T>(0x0000000000000000)
 - field annotations:       Array<T>(0x0000000000000000)
 - field type annotations:  Array<T>(0x0000000000000000)
 - inner classes:     Array<T>(0x00007fd435843f18)
 - nest members:     Array<T>(0x00007fd435843f38)
 - permitted subclasses:     Array<T>(0x00000008005ce7a0)
 - java mirror:       a 'java/lang/Class'{0x00000000e02b28b8} = 'jdk/vm/ci/services/Services'
 - vtable length      5  (start addr: 0x0000000800c41970)
 - itable length      2 (start addr: 0x0000000800c41998)
 - ---- static fields (3 words):
 - public static final 'IS_BUILDING_NATIVE_IMAGE' 'Z' @128 
 - public static final 'IS_IN_NATIVE_IMAGE' 'Z' @129 
 - private static volatile 'savedProperties' 'Ljava/util/Map;' @112 
 - static final 'JVMCI_ENABLED' 'Z' @130 
 - private static final 'servicesCache' 'Ljava/util/Map;' @116 
 - private static final 'MAX_UNICODE_IN_UTF8_LENGTH' 'I' @120 
 - private static final 'MAX_UTF8_PROPERTY_STRING_LENGTH' 'I' @124 
 - ---- non-static fields (0 words):
 - non-static oop maps: 
stack at sp + 4 slots: 0x00007fd435018500 is pointing into the stack for thread: 0x00007fd4300b1c60
stack at sp + 5 slots: 0x00007fd438a752fe: <offset 0x000000000093e2fe> in /nix/store/gpxl5qgg8kicmcvivwmybwjlpf7wh20l-graalvm17-ce-22.3.0/lib/server/libjvm.so at 0x00007fd438137000
stack at sp + 6 slots: 0x00007fd4350183e0 is pointing into the stack for thread: 0x00007fd4300b1c60
stack at sp + 7 slots: 0x00007fd435018440 is pointing into the stack for thread: 0x00007fd4300b1c60


---------------  P R O C E S S  ---------------

Threads class SMR info:
_java_thread_list=0x00007fd3a8067af0, length=25, elements={
0x00007fd430025f90, 0x00007fd4300a5f30, 0x00007fd4300a7370, 0x00007fd4300adad0,
0x00007fd4300aee80, 0x00007fd4300b0270, 0x00007fd4300b1c60, 0x00007fd4300b3170,
0x00007fd4300b41d0, 0x00007fd4300d6f30, 0x00007fd43011f7d0, 0x00007fd4302cdd70,
0x00007fd430316160, 0x00007fd430319120, 0x00007fd3c8032f60, 0x00007fd3c80fb1f0,
0x00007fd3c84ad9a0, 0x00007fd3b40010d0, 0x00007fd3c86380f0, 0x00007fd3c80b2360,
0x00007fd3b4007270, 0x00007fd430365d50, 0x00007fd4303fb7c0, 0x00007fd3b8071590,
0x00007fd3a80672d0
}

Java Threads: ( => current thread )
  0x00007fd430025f90 JavaThread "main" [_thread_blocked, id=140, stack(0x00007fd437f52000,0x00007fd438052000)]
  0x00007fd4300a5f30 JavaThread "Reference Handler" daemon [_thread_blocked, id=145, stack(0x00007fd435700000,0x00007fd435800000)]
  0x00007fd4300a7370 JavaThread "Finalizer" daemon [_thread_blocked, id=147, stack(0x00007fd435600000,0x00007fd435700000)]
  0x00007fd4300adad0 JavaThread "Signal Dispatcher" daemon [_thread_blocked, id=149, stack(0x00007fd43521a000,0x00007fd43531a000)]
  0x00007fd4300aee80 JavaThread "Service Thread" daemon [_thread_blocked, id=150, stack(0x00007fd43511a000,0x00007fd43521a000)]
  0x00007fd4300b0270 JavaThread "Monitor Deflation Thread" daemon [_thread_blocked, id=152, stack(0x00007fd43501a000,0x00007fd43511a000)]
=>0x00007fd4300b1c60 JavaThread "JVMCI-native CompilerThread0" daemon [_thread_in_vm, id=154, stack(0x00007fd434e1a000,0x00007fd43501a000)]
  0x00007fd4300b3170 JavaThread "C1 CompilerThread0" daemon [_thread_blocked, id=158, stack(0x00007fd434c1a000,0x00007fd434e1a000)]
  0x00007fd4300b41d0 JavaThread "Sweeper thread" daemon [_thread_blocked, id=160, stack(0x00007fd434b1a000,0x00007fd434c1a000)]
  0x00007fd4300d6f30 JavaThread "Common-Cleaner" daemon [_thread_blocked, id=162, stack(0x00007fd434a1a000,0x00007fd434b1a000)]
  0x00007fd43011f7d0 JavaThread "Notification Thread" daemon [_thread_blocked, id=165, stack(0x00007fd43491a000,0x00007fd434a1a000)]
  0x00007fd4302cdd70 JavaThread "Active Thread: Equinox Container: 84550705-e193-41e4-b895-a6407dabc235" [_thread_blocked, id=185, stack(0x00007fd434600000,0x00007fd434700000)]
  0x00007fd430316160 JavaThread "Framework Event Dispatcher: Equinox Container: 84550705-e193-41e4-b895-a6407dabc235" daemon [_thread_blocked, id=189, stack(0x00007fd434400000,0x00007fd434500000)]
  0x00007fd430319120 JavaThread "Start Level: Equinox Container: 84550705-e193-41e4-b895-a6407dabc235" daemon [_thread_blocked, id=190, stack(0x00007fd434200000,0x00007fd434300000)]
  0x00007fd3c8032f60 JavaThread "SCR Component Actor" daemon [_thread_blocked, id=194, stack(0x00007fd434000000,0x00007fd434100000)]
  0x00007fd3c80fb1f0 JavaThread "Worker-JM" [_thread_blocked, id=210, stack(0x00007fd414f00000,0x00007fd415000000)]
  0x00007fd3c84ad9a0 JavaThread "Worker-0" [_thread_blocked, id=219, stack(0x00007fd414d00000,0x00007fd414e00000)]
  0x00007fd3b40010d0 JavaThread "Worker-1: Periodic workspace save." [_thread_blocked, id=231, stack(0x00007fd414b00000,0x00007fd414c00000)]
  0x00007fd3c86380f0 JavaThread "Java indexing" daemon [_thread_blocked, id=240, stack(0x00007fd414900000,0x00007fd414a00000)]
  0x00007fd3c80b2360 JavaThread "Bundle File Closer" daemon [_thread_blocked, id=267, stack(0x00007fd4173b3000,0x00007fd4174b3000)]
  0x00007fd3b4007270 JavaThread "Worker-2: Java indexing... " [_thread_blocked, id=288, stack(0x00007fd414700000,0x00007fd414800000)]
  0x00007fd430365d50 JavaThread "pool-3-thread-1" [_thread_blocked, id=291, stack(0x00007fd414500000,0x00007fd414600000)]
  0x00007fd4303fb7c0 JavaThread "pool-2-thread-1" [_thread_blocked, id=309, stack(0x00007fd414300000,0x00007fd414400000)]
  0x00007fd3b8071590 JavaThread "Worker-8" [_thread_blocked, id=1115, stack(0x00007fd3de500000,0x00007fd3de600000)]
  0x00007fd3a80672d0 JavaThread "Thread-3" [_thread_blocked, id=2432, stack(0x00007fd414c00000,0x00007fd414d00000)]

Other Threads:
  0x00007fd4300a1670 VMThread "VM Thread" [stack: 0x00007fd43606b000,0x00007fd43616b000] [id=144] _threads_hazard_ptr=0x00007fd3a8067af0
  0x00007fd430121170 WatcherThread [stack: 0x00007fd43481a000,0x00007fd43491a000] [id=166]
  0x00007fd43003d890 GCTaskThread "GC Thread#0" [stack: 0x00007fd437b15000,0x00007fd437c15000] [id=142]

Threads with active compile tasks:
JVMCI-native CompilerThread0  1282492 8757       4       java.util.regex.Pattern::newSlice (181 bytes)

VM state: synchronizing (normal execution)

VM Mutex/Monitor currently owned by a thread:  ([mutex/lock_event])
[0x00007fd4300230e0] Threads_lock - owner thread: 0x00007fd4300a1670
[0x00007fd430023890] Heap_lock - owner thread: 0x00007fd4303fb7c0

OutOfMemory and StackOverflow Exception counts:
OutOfMemoryError java_heap_errors=2
LinkageErrors=62

Heap address: 0x00000000e0000000, size: 512 MB, Compressed Oops mode: 32-bit

CDS archive(s) mapped at: [0x0000000800000000-0x0000000800bc8000-0x0000000800bc8000), size 12353536, SharedBaseAddress: 0x0000000800000000, ArchiveRelocationMode: 0.
Compressed class space mapped at: 0x0000000800c00000-0x0000000840c00000, reserved size: 1073741824
Narrow klass base: 0x0000000800000000, Narrow klass shift: 0, Narrow klass range: 0x100000000

GC Precious Log:
 CPUs: 8 total, 1 available
 Memory: 1024M
 Large Page Support: Disabled
 NUMA Support: Disabled
 Compressed Oops: Enabled (32-bit)
 Alignments: Space 512K, Generation 512K, Heap 2M
 Heap Min Capacity: 100M
 Heap Initial Capacity: 100M
 Heap Max Capacity: 512M
 Pre-touch: Disabled
 Parallel Workers: 1

Heap:
 PSYoungGen      total 53248K, used 37376K [0x00000000f5580000, 0x00000000f9d80000, 0x0000000100000000)
  eden space 37376K, 100% used [0x00000000f5580000,0x00000000f7a00000,0x00000000f7a00000)
  from space 15872K, 0% used [0x00000000f8e00000,0x00000000f8e00000,0x00000000f9d80000)
  to   space 14848K, 0% used [0x00000000f7a00000,0x00000000f7a00000,0x00000000f8880000)
 ParOldGen       total 349696K, used 349693K [0x00000000e0000000, 0x00000000f5580000, 0x00000000f5580000)
  object space 349696K, 99% used [0x00000000e0000000,0x00000000f557f7a0,0x00000000f5580000)
 Metaspace       used 55360K, committed 56512K, reserved 1105920K
  class space    used 5512K, committed 5952K, reserved 1048576K

Card table byte_map: [0x00007fd437c15000,0x00007fd437d16000] _byte_map_base: 0x00007fd437515000

Marking Bits: (ParMarkBitMap*) 0x00007fd4393654c0
 Begin Bits: [0x00007fd436a68000, 0x00007fd437268000)
 End Bits:   [0x00007fd437268000, 0x00007fd437a68000)

Polling page: 0x00007fd437f2f000

Metaspace:

Usage:
  Non-class:     48.68 MB used.
      Class:      5.38 MB used.
       Both:     54.06 MB used.

Virtual space:
  Non-class space:       56.00 MB reserved,      49.38 MB ( 88%) committed,  7 nodes.
      Class space:        1.00 GB reserved,       5.81 MB ( <1%) committed,  1 nodes.
             Both:        1.05 GB reserved,      55.19 MB (  5%) committed. 

Chunk freelists:
   Non-Class:  2.43 MB
       Class:  2.21 MB
        Both:  4.64 MB

MaxMetaspaceSize: unlimited
CompressedClassSpaceSize: 1.00 GB
Initial GC threshold: 21.00 MB
Current GC threshold: 91.81 MB
CDS: on
MetaspaceReclaimPolicy: balanced
 - commit_granule_bytes: 65536.
 - commit_granule_words: 8192.
 - virtual_space_node_default_size: 1048576.
 - enlarge_chunks_in_place: 1.
 - new_chunks_are_fully_committed: 0.
 - uncommit_free_chunks: 1.
 - use_allocation_guard: 0.
 - handle_deallocations: 1.


Internal statistics:

num_allocs_failed_limit: 8.
num_arena_births: 480.
num_arena_deaths: 148.
num_vsnodes_births: 8.
num_vsnodes_deaths: 0.
num_space_committed: 882.
num_space_uncommitted: 0.
num_chunks_returned_to_freelist: 210.
num_chunks_taken_from_freelist: 2647.
num_chunk_merges: 90.
num_chunk_splits: 1735.
num_chunks_enlarged: 1047.
num_purges: 4.
num_inconsistent_stats: 0.

CodeHeap 'non-profiled nmethods': size=120036Kb used=2527Kb max_used=2527Kb free=117508Kb
 bounds [0x00007fd41ef7a000, 0x00007fd41f1fa000, 0x00007fd4264b3000]
CodeHeap 'profiled nmethods': size=120032Kb used=12614Kb max_used=15241Kb free=107417Kb
 bounds [0x00007fd417a42000, 0x00007fd418932000, 0x00007fd41ef7a000]
CodeHeap 'non-nmethods': size=5692Kb used=1371Kb max_used=1393Kb free=4320Kb
 bounds [0x00007fd4174b3000, 0x00007fd417723000, 0x00007fd417a42000]
 total_blobs=6827 nmethods=6125 adapters=611
 compilation: enabled
              stopped_count=0, restarted_count=0
 full_count=0

JVMCI Events (20 events):
Event: 820.280 Thread 0x00007fd4300b1c60 releasing handles for JVMCI runtime 0: oop handles=42, metadata handles={total=88, live=77, blocks=34}
Event: 820.280 Thread 0x00007fd4300b1c60 detached from JVMCI runtime 0
Event: 910.915 Thread 0x00007fd4300b1c60 attached to JVMCI runtime 0
Event: 910.918 Thread 0x00007fd4300b1c60 created JavaVM[5]@0x00007fd3ddb9e340 for JVMCI runtime 0
Event: 913.403 Thread 0x00007fd4300b1c60 initializing JVMCI runtime 0
Event: 913.403 Thread 0x00007fd4300b1c60 done waiting for JavaVM references initialization in JVMCI runtime 0
Event: 994.682 Thread 0x00007fd4300b1c60 initialized JVMCI runtime 0
Event: 1023.224 Thread 0x00007fd4300b1c60 compacted oop handles in JVMCI runtime 0 from 59 to 57
Event: 1026.271 Thread 0x00007fd4300b1c60 compacted oop handles in JVMCI runtime 0 from 88 to 85
Event: 1028.785 Thread 0x00007fd4300b1c60 detaching from JVMCI runtime 0: releasing idle compiler thread (0 other threads still attached)
Event: 1028.785 Thread 0x00007fd4300b1c60 shutting down HotSpotJVMCIRuntime for JVMCI runtime 0
Event: 1031.436 Thread 0x00007fd4300b1c60 shut down JVMCI runtime 0
Event: 1031.438 Thread 0x00007fd4300b1c60 destroyed JavaVM[5]@0x00007fd3ddb9e340 for JVMCI runtime 0
Event: 1031.438 Thread 0x00007fd4300b1c60 compacted oop handles in JVMCI runtime 0 from 85 to 85
Event: 1031.438 Thread 0x00007fd4300b1c60 releasing handles for JVMCI runtime 0: oop handles=85, metadata handles={total=142, live=130, blocks=34}
Event: 1031.438 Thread 0x00007fd4300b1c60 detached from JVMCI runtime 0
Event: 1267.928 Thread 0x00007fd4300b1c60 attached to JVMCI runtime 0
Event: 1267.979 Thread 0x00007fd4300b1c60 created JavaVM[6]@0x00007fd3ddb9e340 for JVMCI runtime 0
Event: 1270.214 Thread 0x00007fd4300b1c60 initializing JVMCI runtime 0
Event: 1270.214 Thread 0x00007fd4300b1c60 done waiting for JavaVM references initialization in JVMCI runtime 0

Compilation events (20 events):
Event: 1118.991 Thread 0x00007fd4300b3170 nmethod 8744 0x00007fd417b24990 code [0x00007fd417b24b40, 0x00007fd417b24d50]
Event: 1121.117 Thread 0x00007fd4300b3170 8746       3       org.eclipse.core.runtime.Path::toPortableString (161 bytes)
Event: 1128.836 Thread 0x00007fd4300b3170 nmethod 8746 0x00007fd418372890 code [0x00007fd418372b80, 0x00007fd418373930]
Event: 1146.598 Thread 0x00007fd4300b3170 8748       3       java.io.DataOutputStream::writeBoolean (22 bytes)
Event: 1148.866 Thread 0x00007fd4300b3170 nmethod 8748 0x00007fd417e0b490 code [0x00007fd417e0b640, 0x00007fd417e0ba80]
Event: 1151.091 Thread 0x00007fd4300b3170 8749       3       org.eclipse.jdt.internal.core.JavaModelManager$VariablesAndContainersSaveHelper::savePath (34 bytes)
Event: 1151.092 Thread 0x00007fd4300b3170 nmethod 8749 0x00007fd417b41890 code [0x00007fd417b41ac0, 0x00007fd417b42500]
Event: 1164.502 Thread 0x00007fd4300b3170 8750       3       java.io.DataOutputStream::writeInt (62 bytes)
Event: 1166.795 Thread 0x00007fd4300b3170 nmethod 8750 0x00007fd417ec9e90 code [0x00007fd417eca060, 0x00007fd417eca500]
Event: 1198.230 Thread 0x00007fd4300b3170 8751       1       org.eclipse.core.internal.jobs.JobManager::isActive (5 bytes)
Event: 1198.230 Thread 0x00007fd4300b3170 nmethod 8751 0x00007fd41f151b90 code [0x00007fd41f151d20, 0x00007fd41f151df0]
Event: 1222.416 Thread 0x00007fd4300b3170 8752   !   3       java.lang.ref.ReferenceQueue::remove (125 bytes)
Event: 1239.678 Thread 0x00007fd4300b3170 nmethod 8752 0x00007fd417a8f490 code [0x00007fd417a8f6c0, 0x00007fd417a8fe30]
Event: 1253.312 Thread 0x00007fd4300b3170 8754       3       java.util.concurrent.atomic.AtomicLong::weakCompareAndSetVolatile (13 bytes)
Event: 1253.312 Thread 0x00007fd4300b3170 nmethod 8754 0x00007fd417d3ce10 code [0x00007fd417d3cfc0, 0x00007fd417d3d120]
Event: 1255.698 Thread 0x00007fd4300b3170 8755       3       org.eclipse.jdt.internal.core.JavaModelManager$VariablesAndContainersSaveHelper::saveInt (9 bytes)
Event: 1255.698 Thread 0x00007fd4300b3170 nmethod 8755 0x00007fd417ebbb90 code [0x00007fd417ebbd40, 0x00007fd417ebbe80]
Event: 1255.698 Thread 0x00007fd4300b3170 8756       3       org.eclipse.jdt.internal.core.JavaModelManager$VariablesAndContainersSaveHelper::saveAccessRule (17 bytes)
Event: 1255.699 Thread 0x00007fd4300b3170 nmethod 8756 0x00007fd418232e10 code [0x00007fd418233080, 0x00007fd418233c20]
Event: 1267.928 Thread 0x00007fd4300b1c60 8757       4       java.util.regex.Pattern::newSlice (181 bytes)

GC Heap History (20 events):
Event: 1258.116 GC heap before
{Heap before GC invocations=571 (full 480):
 PSYoungGen      total 53248K, used 37375K [0x00000000f5580000, 0x00000000f9d80000, 0x0000000100000000)
  eden space 37376K, 99% used [0x00000000f5580000,0x00000000f79ffff8,0x00000000f7a00000)
  from space 15872K, 0% used [0x00000000f8e00000,0x00000000f8e00000,0x00000000f9d80000)
  to   space 14848K, 0% used [0x00000000f7a00000,0x00000000f7a00000,0x00000000f8880000)
 ParOldGen       total 349696K, used 349692K [0x00000000e0000000, 0x00000000f5580000, 0x00000000f5580000)
  object space 349696K, 99% used [0x00000000e0000000,0x00000000f557f288,0x00000000f5580000)
 Metaspace       used 55360K, committed 56512K, reserved 1105920K
  class space    used 5512K, committed 5952K, reserved 1048576K
}
Event: 1260.625 GC heap after
{Heap after GC invocations=571 (full 480):
 PSYoungGen      total 52224K, used 37375K [0x00000000f5580000, 0x00000000f9d80000, 0x0000000100000000)
  eden space 37376K, 99% used [0x00000000f5580000,0x00000000f79fffc8,0x00000000f7a00000)
  from space 14848K, 0% used [0x00000000f7a00000,0x00000000f7a00000,0x00000000f8880000)
  to   space 15872K, 0% used [0x00000000f8e00000,0x00000000f8e00000,0x00000000f9d80000)
 ParOldGen       total 349696K, used 349691K [0x00000000e0000000, 0x00000000f5580000, 0x00000000f5580000)
  object space 349696K, 99% used [0x00000000e0000000,0x00000000f557edd0,0x00000000f5580000)
 Metaspace       used 55360K, committed 56512K, reserved 1105920K
  class space    used 5512K, committed 5952K, reserved 1048576K
}
Event: 1260.625 GC heap before
{Heap before GC invocations=572 (full 481):
 PSYoungGen      total 52224K, used 37375K [0x00000000f5580000, 0x00000000f9d80000, 0x0000000100000000)
  eden space 37376K, 99% used [0x00000000f5580000,0x00000000f79ffff8,0x00000000f7a00000)
  from space 14848K, 0% used [0x00000000f7a00000,0x00000000f7a00000,0x00000000f8880000)
  to   space 15872K, 0% used [0x00000000f8e00000,0x00000000f8e00000,0x00000000f9d80000)
 ParOldGen       total 349696K, used 349691K [0x00000000e0000000, 0x00000000f5580000, 0x00000000f5580000)
  object space 349696K, 99% used [0x00000000e0000000,0x00000000f557edd0,0x00000000f5580000)
 Metaspace       used 55360K, committed 56512K, reserved 1105920K
  class space    used 5512K, committed 5952K, reserved 1048576K
}
Event: 1263.137 GC heap after
{Heap after GC invocations=572 (full 481):
 PSYoungGen      total 53248K, used 37375K [0x00000000f5580000, 0x00000000f9d80000, 0x0000000100000000)
  eden space 37376K, 99% used [0x00000000f5580000,0x00000000f79ffff8,0x00000000f7a00000)
  from space 15872K, 0% used [0x00000000f8e00000,0x00000000f8e00000,0x00000000f9d80000)
  to   space 14848K, 0% used [0x00000000f7a00000,0x00000000f7a00000,0x00000000f8880000)
 ParOldGen       total 349696K, used 349691K [0x00000000e0000000, 0x00000000f5580000, 0x00000000f5580000)
  object space 349696K, 99% used [0x00000000e0000000,0x00000000f557edd0,0x00000000f5580000)
 Metaspace       used 55360K, committed 56512K, reserved 1105920K
  class space    used 5512K, committed 5952K, reserved 1048576K
}
Event: 1263.138 GC heap before
{Heap before GC invocations=573 (full 482):
 PSYoungGen      total 53248K, used 37375K [0x00000000f5580000, 0x00000000f9d80000, 0x0000000100000000)
  eden space 37376K, 99% used [0x00000000f5580000,0x00000000f79ffff8,0x00000000f7a00000)
  from space 15872K, 0% used [0x00000000f8e00000,0x00000000f8e00000,0x00000000f9d80000)
  to   space 14848K, 0% used [0x00000000f7a00000,0x00000000f7a00000,0x00000000f8880000)
 ParOldGen       total 349696K, used 349694K [0x00000000e0000000, 0x00000000f5580000, 0x00000000f5580000)
  object space 349696K, 99% used [0x00000000e0000000,0x00000000f557f8f0,0x00000000f5580000)
 Metaspace       used 55360K, committed 56512K, reserved 1105920K
  class space    used 5512K, committed 5952K, reserved 1048576K
}
Event: 1265.619 GC heap after
{Heap after GC invocations=573 (full 482):
 PSYoungGen      total 52224K, used 37375K [0x00000000f5580000, 0x00000000f9d80000, 0x0000000100000000)
  eden space 37376K, 99% used [0x00000000f5580000,0x00000000f79fffc8,0x00000000f7a00000)
  from space 14848K, 0% used [0x00000000f7a00000,0x00000000f7a00000,0x00000000f8880000)
  to   space 15872K, 0% used [0x00000000f8e00000,0x00000000f8e00000,0x00000000f9d80000)
 ParOldGen       total 349696K, used 349691K [0x00000000e0000000, 0x00000000f5580000, 0x00000000f5580000)
  object space 349696K, 99% used [0x00000000e0000000,0x00000000f557eee0,0x00000000f5580000)
 Metaspace       used 55360K, committed 56512K, reserved 1105920K
  class space    used 5512K, committed 5952K, reserved 1048576K
}
Event: 1265.619 GC heap before
{Heap before GC invocations=574 (full 483):
 PSYoungGen      total 52224K, used 37375K [0x00000000f5580000, 0x00000000f9d80000, 0x0000000100000000)
  eden space 37376K, 99% used [0x00000000f5580000,0x00000000f79ffff0,0x00000000f7a00000)
  from space 14848K, 0% used [0x00000000f7a00000,0x00000000f7a00000,0x00000000f8880000)
  to   space 15872K, 0% used [0x00000000f8e00000,0x00000000f8e00000,0x00000000f9d80000)
 ParOldGen       total 349696K, used 349691K [0x00000000e0000000, 0x00000000f5580000, 0x00000000f5580000)
  object space 349696K, 99% used [0x00000000e0000000,0x00000000f557eee0,0x00000000f5580000)
 Metaspace       used 55360K, committed 56512K, reserved 1105920K
  class space    used 5512K, committed 5952K, reserved 1048576K
}
Event: 1267.927 GC heap after
{Heap after GC invocations=574 (full 483):
 PSYoungGen      total 53248K, used 37375K [0x00000000f5580000, 0x00000000f9d80000, 0x0000000100000000)
  eden space 37376K, 99% used [0x00000000f5580000,0x00000000f79ffff0,0x00000000f7a00000)
  from space 15872K, 0% used [0x00000000f8e00000,0x00000000f8e00000,0x00000000f9d80000)
  to   space 14848K, 0% used [0x00000000f7a00000,0x00000000f7a00000,0x00000000f8880000)
 ParOldGen       total 349696K, used 349691K [0x00000000e0000000, 0x00000000f5580000, 0x00000000f5580000)
  object space 349696K, 99% used [0x00000000e0000000,0x00000000f557eec0,0x00000000f5580000)
 Metaspace       used 55360K, committed 56512K, reserved 1105920K
  class space    used 5512K, committed 5952K, reserved 1048576K
}
Event: 1267.979 GC heap before
{Heap before GC invocations=575 (full 484):
 PSYoungGen      total 53248K, used 37376K [0x00000000f5580000, 0x00000000f9d80000, 0x0000000100000000)
  eden space 37376K, 100% used [0x00000000f5580000,0x00000000f7a00000,0x00000000f7a00000)
  from space 15872K, 0% used [0x00000000f8e00000,0x00000000f8e00000,0x00000000f9d80000)
  to   space 14848K, 0% used [0x00000000f7a00000,0x00000000f7a00000,0x00000000f8880000)
 ParOldGen       total 349696K, used 349694K [0x00000000e0000000, 0x00000000f5580000, 0x00000000f5580000)
  object space 349696K, 99% used [0x00000000e0000000,0x00000000f557f990,0x00000000f5580000)
 Metaspace       used 55360K, committed 56512K, reserved 1105920K
  class space    used 5512K, committed 5952K, reserved 1048576K
}
Event: 1270.214 GC heap after
{Heap after GC invocations=575 (full 484):
 PSYoungGen      total 52224K, used 37375K [0x00000000f5580000, 0x00000000f9d80000, 0x0000000100000000)
  eden space 37376K, 99% used [0x00000000f5580000,0x00000000f79fffc8,0x00000000f7a00000)
  from space 14848K, 0% used [0x00000000f7a00000,0x00000000f7a00000,0x00000000f8880000)
  to   space 15872K, 0% used [0x00000000f8e00000,0x00000000f8e00000,0x00000000f9d80000)
 ParOldGen       total 349696K, used 349690K [0x00000000e0000000, 0x00000000f5580000, 0x00000000f5580000)
  object space 349696K, 99% used [0x00000000e0000000,0x00000000f557eb08,0x00000000f5580000)
 Metaspace       used 55360K, committed 56512K, reserved 1105920K
  class space    used 5512K, committed 5952K, reserved 1048576K
}
Event: 1270.215 GC heap before
{Heap before GC invocations=576 (full 485):
 PSYoungGen      total 52224K, used 37375K [0x00000000f5580000, 0x00000000f9d80000, 0x0000000100000000)
  eden space 37376K, 99% used [0x00000000f5580000,0x00000000f79ffff8,0x00000000f7a00000)
  from space 14848K, 0% used [0x00000000f7a00000,0x00000000f7a00000,0x00000000f8880000)
  to   space 15872K, 0% used [0x00000000f8e00000,0x00000000f8e00000,0x00000000f9d80000)
 ParOldGen       total 349696K, used 349690K [0x00000000e0000000, 0x00000000f5580000, 0x00000000f5580000)
  object space 349696K, 99% used [0x00000000e0000000,0x00000000f557eb08,0x00000000f5580000)
 Metaspace       used 55360K, committed 56512K, reserved 1105920K
  class space    used 5512K, committed 5952K, reserved 1048576K
}
Event: 1272.525 GC heap after
{Heap after GC invocations=576 (full 485):
 PSYoungGen      total 53248K, used 37375K [0x00000000f5580000, 0x00000000f9d80000, 0x0000000100000000)
  eden space 37376K, 99% used [0x00000000f5580000,0x00000000f79ffff8,0x00000000f7a00000)
  from space 15872K, 0% used [0x00000000f8e00000,0x00000000f8e00000,0x00000000f9d80000)
  to   space 14848K, 0% used [0x00000000f7a00000,0x00000000f7a00000,0x00000000f8880000)
 ParOldGen       total 349696K, used 349690K [0x00000000e0000000, 0x00000000f5580000, 0x00000000f5580000)
  object space 349696K, 99% used [0x00000000e0000000,0x00000000f557eae8,0x00000000f5580000)
 Metaspace       used 55360K, committed 56512K, reserved 1105920K
  class space    used 5512K, committed 5952K, reserved 1048576K
}
Event: 1272.526 GC heap before
{Heap before GC invocations=577 (full 486):
 PSYoungGen      total 53248K, used 37375K [0x00000000f5580000, 0x00000000f9d80000, 0x0000000100000000)
  eden space 37376K, 99% used [0x00000000f5580000,0x00000000f79ffff8,0x00000000f7a00000)
  from space 15872K, 0% used [0x00000000f8e00000,0x00000000f8e00000,0x00000000f9d80000)
  to   space 14848K, 0% used [0x00000000f7a00000,0x00000000f7a00000,0x00000000f8880000)
 ParOldGen       total 349696K, used 349694K [0x00000000e0000000, 0x00000000f5580000, 0x00000000f5580000)
  object space 349696K, 99% used [0x00000000e0000000,0x00000000f557fb88,0x00000000f5580000)
 Metaspace       used 55360K, committed 56512K, reserved 1105920K
  class space    used 5512K, committed 5952K, reserved 1048576K
}
Event: 1274.924 GC heap after
{Heap after GC invocations=577 (full 486):
 PSYoungGen      total 52224K, used 37375K [0x00000000f5580000, 0x00000000f9d80000, 0x0000000100000000)
  eden space 37376K, 99% used [0x00000000f5580000,0x00000000f79fff30,0x00000000f7a00000)
  from space 14848K, 0% used [0x00000000f7a00000,0x00000000f7a00000,0x00000000f8880000)
  to   space 15872K, 0% used [0x00000000f8e00000,0x00000000f8e00000,0x00000000f9d80000)
 ParOldGen       total 349696K, used 349693K [0x00000000e0000000, 0x00000000f5580000, 0x00000000f5580000)
  object space 349696K, 99% used [0x00000000e0000000,0x00000000f557f7e8,0x00000000f5580000)
 Metaspace       used 55360K, committed 56512K, reserved 1105920K
  class space    used 5512K, committed 5952K, reserved 1048576K
}
Event: 1274.925 GC heap before
{Heap before GC invocations=578 (full 487):
 PSYoungGen      total 52224K, used 37376K [0x00000000f5580000, 0x00000000f9d80000, 0x0000000100000000)
  eden space 37376K, 100% used [0x00000000f5580000,0x00000000f7a00000,0x00000000f7a00000)
  from space 14848K, 0% used [0x00000000f7a00000,0x00000000f7a00000,0x00000000f8880000)
  to   space 15872K, 0% used [0x00000000f8e00000,0x00000000f8e00000,0x00000000f9d80000)
 ParOldGen       total 349696K, used 349693K [0x00000000e0000000, 0x00000000f5580000, 0x00000000f5580000)
  object space 349696K, 99% used [0x00000000e0000000,0x00000000f557f7e8,0x00000000f5580000)
 Metaspace       used 55360K, committed 56512K, reserved 1105920K
  class space    used 5512K, committed 5952K, reserved 1048576K
}
Event: 1277.478 GC heap after
{Heap after GC invocations=578 (full 487):
 PSYoungGen      total 53248K, used 37375K [0x00000000f5580000, 0x00000000f9d80000, 0x0000000100000000)
  eden space 37376K, 99% used [0x00000000f5580000,0x00000000f79ffff0,0x00000000f7a00000)
  from space 15872K, 0% used [0x00000000f8e00000,0x00000000f8e00000,0x00000000f9d80000)
  to   space 14848K, 0% used [0x00000000f7a00000,0x00000000f7a00000,0x00000000f8880000)
 ParOldGen       total 349696K, used 349693K [0x00000000e0000000, 0x00000000f5580000, 0x00000000f5580000)
  object space 349696K, 99% used [0x00000000e0000000,0x00000000f557f7d0,0x00000000f5580000)
 Metaspace       used 55360K, committed 56512K, reserved 1105920K
  class space    used 5512K, committed 5952K, reserved 1048576K
}
Event: 1277.479 GC heap before
{Heap before GC invocations=579 (full 488):
 PSYoungGen      total 53248K, used 37376K [0x00000000f5580000, 0x00000000f9d80000, 0x0000000100000000)
  eden space 37376K, 100% used [0x00000000f5580000,0x00000000f7a00000,0x00000000f7a00000)
  from space 15872K, 0% used [0x00000000f8e00000,0x00000000f8e00000,0x00000000f9d80000)
  to   space 14848K, 0% used [0x00000000f7a00000,0x00000000f7a00000,0x00000000f8880000)
 ParOldGen       total 349696K, used 349695K [0x00000000e0000000, 0x00000000f5580000, 0x00000000f5580000)
  object space 349696K, 99% used [0x00000000e0000000,0x00000000f557fff8,0x00000000f5580000)
 Metaspace       used 55360K, committed 56512K, reserved 1105920K
  class space    used 5512K, committed 5952K, reserved 1048576K
}
Event: 1279.951 GC heap after
{Heap after GC invocations=579 (full 488):
 PSYoungGen      total 52224K, used 37375K [0x00000000f5580000, 0x00000000f9d80000, 0x0000000100000000)
  eden space 37376K, 99% used [0x00000000f5580000,0x00000000f79ffff0,0x00000000f7a00000)
  from space 14848K, 0% used [0x00000000f7a00000,0x00000000f7a00000,0x00000000f8880000)
  to   space 15872K, 0% used [0x00000000f8e00000,0x00000000f8e00000,0x00000000f9d80000)
 ParOldGen       total 349696K, used 349694K [0x00000000e0000000, 0x00000000f5580000, 0x00000000f5580000)
  object space 349696K, 99% used [0x00000000e0000000,0x00000000f557fb28,0x00000000f5580000)
 Metaspace       used 55360K, committed 56512K, reserved 1105920K
  class space    used 5512K, committed 5952K, reserved 1048576K
}
Event: 1279.951 GC heap before
{Heap before GC invocations=580 (full 489):
 PSYoungGen      total 52224K, used 37375K [0x00000000f5580000, 0x00000000f9d80000, 0x0000000100000000)
  eden space 37376K, 99% used [0x00000000f5580000,0x00000000f79ffff0,0x00000000f7a00000)
  from space 14848K, 0% used [0x00000000f7a00000,0x00000000f7a00000,0x00000000f8880000)
  to   space 15872K, 0% used [0x00000000f8e00000,0x00000000f8e00000,0x00000000f9d80000)
 ParOldGen       total 349696K, used 349694K [0x00000000e0000000, 0x00000000f5580000, 0x00000000f5580000)
  object space 349696K, 99% used [0x00000000e0000000,0x00000000f557fb28,0x00000000f5580000)
 Metaspace       used 55360K, committed 56512K, reserved 1105920K
  class space    used 5512K, committed 5952K, reserved 1048576K
}
Event: 1282.321 GC heap after
{Heap after GC invocations=580 (full 489):
 PSYoungGen      total 53248K, used 37375K [0x00000000f5580000, 0x00000000f9d80000, 0x0000000100000000)
  eden space 37376K, 99% used [0x00000000f5580000,0x00000000f79ffdc8,0x00000000f7a00000)
  from space 15872K, 0% used [0x00000000f8e00000,0x00000000f8e00000,0x00000000f9d80000)
  to   space 14848K, 0% used [0x00000000f7a00000,0x00000000f7a00000,0x00000000f8880000)
 ParOldGen       total 349696K, used 349693K [0x00000000e0000000, 0x00000000f5580000, 0x00000000f5580000)
  object space 349696K, 99% used [0x00000000e0000000,0x00000000f557f700,0x00000000f5580000)
 Metaspace       used 55360K, committed 56512K, reserved 1105920K
  class space    used 5512K, committed 5952K, reserved 1048576K
}

Dll operation events (9 events):
Event: 0.079 Loaded shared library /nix/store/gpxl5qgg8kicmcvivwmybwjlpf7wh20l-graalvm17-ce-22.3.0/lib/libjava.so
Event: 0.090 Loaded shared library /nix/store/gpxl5qgg8kicmcvivwmybwjlpf7wh20l-graalvm17-ce-22.3.0/lib/libjsvml.so
Event: 0.589 Loaded shared library /nix/store/gpxl5qgg8kicmcvivwmybwjlpf7wh20l-graalvm17-ce-22.3.0/lib/libnio.so
Event: 0.593 Loaded shared library /nix/store/gpxl5qgg8kicmcvivwmybwjlpf7wh20l-graalvm17-ce-22.3.0/lib/libzip.so
Event: 0.678 Loaded shared library /nix/store/gpxl5qgg8kicmcvivwmybwjlpf7wh20l-graalvm17-ce-22.3.0/lib/libjvmcicompiler.so
Event: 1.781 Loaded shared library /nix/store/gpxl5qgg8kicmcvivwmybwjlpf7wh20l-graalvm17-ce-22.3.0/lib/libjimage.so
Event: 5.782 Loaded shared library /nix/store/gpxl5qgg8kicmcvivwmybwjlpf7wh20l-graalvm17-ce-22.3.0/lib/libnet.so
Event: 9.384 Loaded shared library /home/runner/wumpus/.cache/jdt-language-server/config/org.eclipse.equinox.launcher/org.eclipse.equinox.launcher.gtk.linux.x86_64_1.2.400.v20211117-0650/eclipse_11600.so
Event: 28.681 Loaded shared library /nix/store/gpxl5qgg8kicmcvivwmybwjlpf7wh20l-graalvm17-ce-22.3.0/lib/libextnet.so

Deoptimization events (20 events):
Event: 122.090 Thread 0x00007fd3c86380f0 DEOPT PACKING pc=0x00007fd41813035d sp=0x00007fd4149fe530
Event: 122.090 Thread 0x00007fd3c86380f0 DEOPT UNPACKING pc=0x00007fd417505325 sp=0x00007fd4149fda20 mode 0
Event: 122.093 Thread 0x00007fd3c86380f0 DEOPT PACKING pc=0x00007fd4181302ec sp=0x00007fd4149fe530
Event: 122.093 Thread 0x00007fd3c86380f0 DEOPT UNPACKING pc=0x00007fd417505325 sp=0x00007fd4149fda20 mode 0
Event: 122.095 Thread 0x00007fd3c86380f0 DEOPT PACKING pc=0x00007fd41813035d sp=0x00007fd4149fe530
Event: 122.095 Thread 0x00007fd3c86380f0 DEOPT UNPACKING pc=0x00007fd417505325 sp=0x00007fd4149fda20 mode 0
Event: 122.097 Thread 0x00007fd3c86380f0 DEOPT PACKING pc=0x00007fd41813035d sp=0x00007fd4149fe530
Event: 122.097 Thread 0x00007fd3c86380f0 DEOPT UNPACKING pc=0x00007fd417505325 sp=0x00007fd4149fda20 mode 0
Event: 122.099 Thread 0x00007fd3c86380f0 DEOPT PACKING pc=0x00007fd41813035d sp=0x00007fd4149fe530
Event: 122.100 Thread 0x00007fd3c86380f0 DEOPT UNPACKING pc=0x00007fd417505325 sp=0x00007fd4149fda20 mode 0
Event: 273.119 Thread 0x00007fd4303fb7c0 Uncommon trap: trap_request=0xffffffed fr.pc=0x00007fd41f0d9b75 relative=0x0000000000000155
Event: 273.120 Thread 0x00007fd4303fb7c0 Uncommon trap: reason=null_assert_or_unreached0 action=reinterpret pc=0x00007fd41f0d9b75 method=java.lang.Class.reflectionData()Ljava/lang/Class$ReflectionData; @ 9 jvmci
Event: 273.120 Thread 0x00007fd4303fb7c0 DEOPT PACKING pc=0x00007fd41f0d9b75 sp=0x00007fd4143fd830
Event: 273.120 Thread 0x00007fd4303fb7c0 DEOPT UNPACKING pc=0x00007fd417505325 sp=0x00007fd4143fccb0 mode 3
Event: 501.340 Thread 0x00007fd4300b1c60 DEOPT PACKING pc=0x00007fd41847de8c sp=0x00007fd435017ef0
Event: 501.340 Thread 0x00007fd4300b1c60 DEOPT UNPACKING pc=0x00007fd417505325 sp=0x00007fd435017458 mode 0
Event: 887.844 Thread 0x00007fd4303fb7c0 Uncommon trap: trap_request=0xffffffed fr.pc=0x00007fd41f16d456 relative=0x0000000000000736
Event: 887.844 Thread 0x00007fd4303fb7c0 Uncommon trap: reason=null_assert_or_unreached0 action=reinterpret pc=0x00007fd41f16d456 method=com.google.gson.stream.JsonReader.nextQuotedValue(C)Ljava/lang/String; @ 23 jvmci
Event: 887.844 Thread 0x00007fd4303fb7c0 DEOPT PACKING pc=0x00007fd41f16d456 sp=0x00007fd4143fde00
Event: 887.844 Thread 0x00007fd4303fb7c0 DEOPT UNPACKING pc=0x00007fd417505325 sp=0x00007fd4143fd288 mode 3

Classes unloaded (20 events):
Event: 141.619 Thread 0x00007fd4300a1670 Unloading class 0x0000000801094800 'java/lang/invoke/LambdaForm$MH+0x0000000801094800'
Event: 141.619 Thread 0x00007fd4300a1670 Unloading class 0x0000000801094400 'java/lang/invoke/LambdaForm$MH+0x0000000801094400'
Event: 141.619 Thread 0x00007fd4300a1670 Unloading class 0x0000000801094000 'java/lang/invoke/LambdaForm$MH+0x0000000801094000'
Event: 141.619 Thread 0x00007fd4300a1670 Unloading class 0x0000000800edd000 'jdk/internal/reflect/GeneratedConstructorAccessor12'
Event: 141.619 Thread 0x00007fd4300a1670 Unloading class 0x0000000800edc800 'jdk/internal/reflect/GeneratedConstructorAccessor10'
Event: 141.619 Thread 0x00007fd4300a1670 Unloading class 0x0000000800edc400 'jdk/internal/reflect/GeneratedConstructorAccessor9'
Event: 141.619 Thread 0x00007fd4300a1670 Unloading class 0x0000000800edc000 'jdk/internal/reflect/GeneratedConstructorAccessor8'
Event: 141.619 Thread 0x00007fd4300a1670 Unloading class 0x0000000800d89000 'java/lang/invoke/LambdaForm$MH+0x0000000800d89000'
Event: 141.619 Thread 0x00007fd4300a1670 Unloading class 0x0000000800d88c00 'java/lang/invoke/LambdaForm$MH+0x0000000800d88c00'
Event: 141.619 Thread 0x00007fd4300a1670 Unloading class 0x0000000800d88800 'java/lang/invoke/LambdaForm$MH+0x0000000800d88800'
Event: 141.619 Thread 0x00007fd4300a1670 Unloading class 0x0000000800d88400 'java/lang/invoke/LambdaForm$MH+0x0000000800d88400'
Event: 141.619 Thread 0x00007fd4300a1670 Unloading class 0x0000000800d88000 'jdk/internal/reflect/GeneratedConstructorAccessor3'
Event: 141.619 Thread 0x00007fd4300a1670 Unloading class 0x0000000800cb2800 'java/lang/invoke/LambdaForm$MH+0x0000000800cb2800'
Event: 141.619 Thread 0x00007fd4300a1670 Unloading class 0x0000000800cb2000 'java/lang/invoke/LambdaForm$MH+0x0000000800cb2000'
Event: 141.619 Thread 0x00007fd4300a1670 Unloading class 0x0000000800cb1c00 'java/lang/invoke/LambdaForm$MH+0x0000000800cb1c00'
Event: 141.619 Thread 0x00007fd4300a1670 Unloading class 0x0000000800cb1800 'java/lang/invoke/LambdaForm$MH+0x0000000800cb1800'
Event: 141.619 Thread 0x00007fd4300a1670 Unloading class 0x0000000800cb1000 'java/lang/invoke/LambdaForm$MH+0x0000000800cb1000'
Event: 141.619 Thread 0x00007fd4300a1670 Unloading class 0x0000000800cb0c00 'java/lang/invoke/LambdaForm$MH+0x0000000800cb0c00'
Event: 141.619 Thread 0x00007fd4300a1670 Unloading class 0x0000000800cb0800 'java/lang/invoke/LambdaForm$MH+0x0000000800cb0800'
Event: 141.619 Thread 0x00007fd4300a1670 Unloading class 0x0000000800cb0000 'java/lang/invoke/LambdaForm$MH+0x0000000800cb0000'

Classes redefined (0 events):
No events

Internal exceptions (20 events):
Event: 64.284 Thread 0x00007fd3c84ad9a0 Exception <a 'java/lang/NoSuchMethodError'{0x00000000f5e5bb68}: static [J.<clinit>()V> (0x00000000f5e5bb68) 
thrown [src/hotspot/share/prims/jni.cpp, line 1107]
Event: 67.499 Thread 0x00007fd3c84ad9a0 Exception <a 'java/lang/NoSuchMethodError'{0x00000000f5e2f000}: 'java.lang.Object java.lang.invoke.DirectMethodHandle$Holder.invokeStatic(java.lang.Object, java.lang.Object, java.lang.Object, long)'> (0x00000000f5e2f000) 
thrown [src/hotspot/share/interpreter/linkResolver.cpp, line 758]
Event: 67.578 Thread 0x00007fd3c84ad9a0 Exception <a 'java/lang/NoSuchMethodError'{0x00000000f5ea3ee0}: 'java.lang.Object java.lang.invoke.DirectMethodHandle$Holder.newInvokeSpecial(java.lang.Object, java.lang.Object, java.lang.Object, long)'> (0x00000000f5ea3ee0) 
thrown [src/hotspot/share/interpreter/linkResolver.cpp, line 758]
Event: 67.579 Thread 0x00007fd3c84ad9a0 Exception <a 'java/lang/NoSuchMethodError'{0x00000000f5f0bbb0}: 'java.lang.Object java.lang.invoke.DirectMethodHandle$Holder.invokeSpecial(java.lang.Object, java.lang.Object, java.lang.Object, java.lang.Object, long)'> (0x00000000f5f0bbb0) 
thrown [src/hotspot/share/interpreter/linkResolver.cpp, line 758]
Event: 67.579 Thread 0x00007fd3c84ad9a0 Exception <a 'java/lang/NoSuchMethodError'{0x00000000f5f0f970}: 'java.lang.Object java.lang.invoke.Invokers$Holder.linkToTargetMethod(java.lang.Object, java.lang.Object, long, java.lang.Object)'> (0x00000000f5f0f970) 
thrown [src/hotspot/share/interpreter/linkResolver.cpp, line 758]
Event: 67.993 Thread 0x00007fd3c84ad9a0 Exception <a 'java/io/FileNotFoundException'{0x00000000f5e8b850}> (0x00000000f5e8b850) 
thrown [src/hotspot/share/prims/jni.cpp, line 516]
Event: 68.083 Thread 0x00007fd39c000ff0 Implicit null exception at 0x00007fd41efabad5 to 0x00007fd41efabde5
Event: 68.084 Thread 0x00007fd39c000ff0 Implicit null exception at 0x00007fd41efa0e10 to 0x00007fd41efa1105
Event: 68.393 Thread 0x00007fd39c000ff0 Implicit null exception at 0x00007fd41effbaa2 to 0x00007fd41effbe32
Event: 69.684 Thread 0x00007fd39c000ff0 Implicit null exception at 0x00007fd41f0a5ce9 to 0x00007fd41f0a5e9b
Event: 75.683 Thread 0x00007fd3b40010d0 Exception <a 'java/lang/NoSuchMethodError'{0x00000000f5836328}: 'java.lang.Object java.lang.invoke.DirectMethodHandle$Holder.newInvokeSpecial(java.lang.Object, java.lang.Object, int, java.lang.Object, java.lang.Object)'> (0x00000000f5836328) 
thrown [src/hotspot/share/interpreter/linkResolver.cpp, line 758]
Event: 75.683 Thread 0x00007fd3b40010d0 Exception <a 'java/lang/NoSuchMethodError'{0x00000000f583a9b0}: 'java.lang.Object java.lang.invoke.DirectMethodHandle$Holder.invokeSpecial(java.lang.Object, java.lang.Object, java.lang.Object, int, java.lang.Object, java.lang.Object)'> (0x00000000f583a9b0) 
thrown [src/hotspot/share/interpreter/linkResolver.cpp, line 758]
Event: 76.111 Thread 0x00007fd3b40010d0 Exception <a 'java/lang/NoSuchMethodError'{0x00000000f562c488}: 'java.lang.Object java.lang.invoke.DirectMethodHandle$Holder.newInvokeSpecial(java.lang.Object, java.lang.Object, java.lang.Object, int, java.lang.Object)'> (0x00000000f562c488) 
thrown [src/hotspot/share/interpreter/linkResolver.cpp, line 758]
Event: 76.112 Thread 0x00007fd3b40010d0 Exception <a 'java/lang/NoSuchMethodError'{0x00000000f5630638}: 'java.lang.Object java.lang.invoke.DirectMethodHandle$Holder.invokeSpecial(java.lang.Object, java.lang.Object, java.lang.Object, java.lang.Object, int, java.lang.Object)'> (0x00000000f5630638) 
thrown [src/hotspot/share/interpreter/linkResolver.cpp, line 758]
Event: 76.112 Thread 0x00007fd3b40010d0 Exception <a 'java/lang/NoSuchMethodError'{0x00000000f5634378}: 'java.lang.Object java.lang.invoke.Invokers$Holder.linkToTargetMethod(java.lang.Object, java.lang.Object, int, java.lang.Object, java.lang.Object)'> (0x00000000f5634378) 
thrown [src/hotspot/share/interpreter/linkResolver.cpp, line 758]
Event: 273.119 Thread 0x00007fd4303fb7c0 Implicit null exception at 0x00007fd41f0d9aa7 to 0x00007fd41f0d9b5a
Event: 887.844 Thread 0x00007fd4303fb7c0 Implicit null exception at 0x00007fd41f16cdcf to 0x00007fd41f16d43b
Event: 1023.233 Thread 0x00007fd4303fb7c0 Exception <a 'java/lang/OutOfMemoryError'{0x00000000e00d0590}> (0x00000000e00d0590) 
thrown [src/hotspot/share/gc/shared/memAllocator.cpp, line 136]
Event: 1023.234 Thread 0x00007fd4303fb7c0 Exception <a 'java/lang/reflect/InvocationTargetException'{0x00000000f79fffc8}> (0x00000000f79fffc8) 
thrown [src/hotspot/share/runtime/reflection.cpp, line 1119]
Event: 1282.321 Thread 0x00007fd4300b1c60 Exception <a 'java/lang/OutOfMemoryError'{0x00000000e00d0860}> (0x00000000e00d0860) 
thrown [src/hotspot/share/gc/shared/memAllocator.cpp, line 136]

VM Operations (20 events):
Event: 1255.699 Executing VM operation: ParallelGCFailedAllocation
Event: 1258.114 Executing VM operation: ParallelGCFailedAllocation done
Event: 1258.116 Executing VM operation: ParallelGCFailedAllocation
Event: 1260.625 Executing VM operation: ParallelGCFailedAllocation done
Event: 1260.625 Executing VM operation: ParallelGCFailedAllocation
Event: 1263.137 Executing VM operation: ParallelGCFailedAllocation done
Event: 1263.138 Executing VM operation: ParallelGCFailedAllocation
Event: 1265.619 Executing VM operation: ParallelGCFailedAllocation done
Event: 1265.619 Executing VM operation: ParallelGCFailedAllocation
Event: 1267.927 Executing VM operation: ParallelGCFailedAllocation done
Event: 1267.929 Executing VM operation: ParallelGCFailedAllocation
Event: 1270.214 Executing VM operation: ParallelGCFailedAllocation done
Event: 1270.215 Executing VM operation: ParallelGCFailedAllocation
Event: 1272.525 Executing VM operation: ParallelGCFailedAllocation done
Event: 1272.526 Executing VM operation: ParallelGCFailedAllocation
Event: 1274.924 Executing VM operation: ParallelGCFailedAllocation done
Event: 1274.925 Executing VM operation: ParallelGCFailedAllocation
Event: 1277.478 Executing VM operation: ParallelGCFailedAllocation done
Event: 1277.478 Executing VM operation: ParallelGCFailedAllocation
Event: 1282.321 Executing VM operation: ParallelGCFailedAllocation done

Events (20 events):
Event: 130.312 Thread 0x00007fd3b0001130 Thread exited: 0x00007fd3b0001130
Event: 130.314 Thread 0x00007fd3a0000ff0 Thread exited: 0x00007fd3a0000ff0
Event: 137.007 Thread 0x00007fd398000ff0 Thread exited: 0x00007fd398000ff0
Event: 137.009 Thread 0x00007fd39c000ff0 Thread exited: 0x00007fd39c000ff0
Event: 137.009 Thread 0x00007fd38c000ff0 Thread exited: 0x00007fd38c000ff0
Event: 325.412 Thread 0x00007fd3b8071590 Thread added: 0x00007fd3b8071590
Event: 325.412 Protecting memory [0x00007fd3de500000,0x00007fd3de504000] with protection modes 0
Event: 587.200 Thread 0x00007fd39c378040 Thread exited: 0x00007fd39c378040
Event: 592.684 Thread 0x00007fd39c377630 Thread exited: 0x00007fd39c377630
Event: 595.505 Thread 0x00007fd39400d9d0 Thread exited: 0x00007fd39400d9d0
Event: 749.495 loading class java/util/concurrent/CompletableFuture$UniApply
Event: 749.495 loading class java/util/concurrent/CompletableFuture$UniCompletion
Event: 761.601 loading class java/util/concurrent/CompletableFuture$UniCompletion done
Event: 761.601 loading class java/util/concurrent/CompletableFuture$UniApply done
Event: 820.281 Thread 0x00007fd3a80672d0 Thread added: 0x00007fd3a80672d0
Event: 820.282 Protecting memory [0x00007fd414c00000,0x00007fd414c04000] with protection modes 0
Event: 822.580 loading class java/util/concurrent/CompletableFuture$UniAccept
Event: 829.003 loading class java/util/concurrent/CompletableFuture$UniAccept done
Event: 829.004 loading class java/util/concurrent/CompletableFuture$UniExceptionally
Event: 829.004 loading class java/util/concurrent/CompletableFuture$UniExceptionally done


Dynamic libraries:
e0000000-f3400000 rw-p 00000000 00:00 0 
f3400000-f9d80000 rw-p 00000000 00:00 0 
f9d80000-100000000 ---p 00000000 00:00 0 
800000000-800449000 rw-p 00001000 00:b65 707969865                       /nix/store/gpxl5qgg8kicmcvivwmybwjlpf7wh20l-graalvm17-ce-22.3.0/lib/server/classes.jsa
800449000-800bc8000 r--p 0044a000 00:b65 707969865                       /nix/store/gpxl5qgg8kicmcvivwmybwjlpf7wh20l-graalvm17-ce-22.3.0/lib/server/classes.jsa
800bc8000-800c00000 ---p 00000000 00:00 0 
800c00000-800c10000 rw-p 00000000 00:00 0 
800c10000-800c30000 rw-p 00000000 00:00 0 
800c30000-800cb0000 rw-p 00000000 00:00 0 
800cb0000-800cf0000 rw-p 00000000 00:00 0 
800cf0000-800db0000 rw-p 00000000 00:00 0 
800db0000-800df0000 rw-p 00000000 00:00 0 
800df0000-800f30000 rw-p 00000000 00:00 0 
800f30000-800fb0000 rw-p 00000000 00:00 0 
800fb0000-800ff0000 rw-p 00000000 00:00 0 
800ff0000-801000000 ---p 00000000 00:00 0 
801000000-8011e0000 rw-p 00000000 00:00 0 
8011e0000-840c00000 ---p 00000000 00:00 0 
563404029000-56340402a000 r-xp 00000000 00:b65 672029940                 /nix/store/gpxl5qgg8kicmcvivwmybwjlpf7wh20l-graalvm17-ce-22.3.0/bin/.java-wrapped
56340402b000-56340402c000 r--p 00001000 00:b65 672029940                 /nix/store/gpxl5qgg8kicmcvivwmybwjlpf7wh20l-graalvm17-ce-22.3.0/bin/.java-wrapped
56340402c000-56340402d000 rw-p 00002000 00:b65 672029940                 /nix/store/gpxl5qgg8kicmcvivwmybwjlpf7wh20l-graalvm17-ce-22.3.0/bin/.java-wrapped
56340402d000-56340402e000 rw-p 00004000 00:b65 672029940                 /nix/store/gpxl5qgg8kicmcvivwmybwjlpf7wh20l-graalvm17-ce-22.3.0/bin/.java-wrapped
56340402e000-56340402f000 rw-p 00005000 00:b65 672029940                 /nix/store/gpxl5qgg8kicmcvivwmybwjlpf7wh20l-graalvm17-ce-22.3.0/bin/.java-wrapped
5634041db000-563404223000 rw-p 00000000 00:00 0                          [heap]
7fd36c000000-7fd36c021000 rw-p 00000000 00:00 0 
7fd36c021000-7fd370000000 ---p 00000000 00:00 0 
7fd374000000-7fd374021000 rw-p 00000000 00:00 0 
7fd374021000-7fd378000000 ---p 00000000 00:00 0 
7fd378000000-7fd378021000 rw-p 00000000 00:00 0 
7fd378021000-7fd37c000000 ---p 00000000 00:00 0 
7fd37c000000-7fd37c021000 rw-p 00000000 00:00 0 
7fd37c021000-7fd380000000 ---p 00000000 00:00 0 
7fd3824b3000-7fd38c000000 r--s 00000000 00:b65 707804677                 /nix/store/gpxl5qgg8kicmcvivwmybwjlpf7wh20l-graalvm17-ce-22.3.0/lib/modules
7fd38c000000-7fd38c021000 rw-p 00000000 00:00 0 
7fd38c021000-7fd390000000 ---p 00000000 00:00 0 
7fd390000000-7fd390021000 rw-p 00000000 00:00 0 
7fd390021000-7fd394000000 ---p 00000000 00:00 0 
7fd394000000-7fd394021000 rw-p 00000000 00:00 0 
7fd394021000-7fd398000000 ---p 00000000 00:00 0 
7fd398000000-7fd398021000 rw-p 00000000 00:00 0 
7fd398021000-7fd39c000000 ---p 00000000 00:00 0 
7fd39c000000-7fd39c432000 rw-p 00000000 00:00 0 
7fd39c432000-7fd3a0000000 ---p 00000000 00:00 0 
7fd3a0000000-7fd3a0152000 rw-p 00000000 00:00 0 
7fd3a0152000-7fd3a4000000 ---p 00000000 00:00 0 
7fd3a4000000-7fd3a4021000 rw-p 00000000 00:00 0 
7fd3a4021000-7fd3a8000000 ---p 00000000 00:00 0 
7fd3a8000000-7fd3a8174000 rw-p 00000000 00:00 0 
7fd3a8174000-7fd3ac000000 ---p 00000000 00:00 0 
7fd3ac000000-7fd3ac0bf000 rw-p 00000000 00:00 0 
7fd3ac0bf000-7fd3b0000000 ---p 00000000 00:00 0 
7fd3b0000000-7fd3b0102000 rw-p 00000000 00:00 0 
7fd3b0102000-7fd3b4000000 ---p 00000000 00:00 0 
7fd3b4000000-7fd3b4308000 rw-p 00000000 00:00 0 
7fd3b4308000-7fd3b8000000 ---p 00000000 00:00 0 
7fd3b8000000-7fd3b8075000 rw-p 00000000 00:00 0 
7fd3b8075000-7fd3bc000000 ---p 00000000 00:00 0 
7fd3bc000000-7fd3bc021000 rw-p 00000000 00:00 0 
7fd3bc021000-7fd3c0000000 ---p 00000000 00:00 0 
7fd3c0000000-7fd3c0021000 rw-p 00000000 00:00 0 
7fd3c0021000-7fd3c4000000 ---p 00000000 00:00 0 
7fd3c4400000-7fd3c4540000 rw-p 00000000 00:00 0 
7fd3c4540000-7fd3c4580000 ---p 00000000 00:00 0 
7fd3c4580000-7fd3c45a0000 rw-p 00000000 00:00 0 
7fd3c45a0000-7fd3c4c00000 ---p 00000000 00:00 0 
7fd3c5000000-7fd3c5530000 rw-p 00000000 00:00 0 
7fd3c5530000-7fd3c57f0000 rw-p 00000000 00:00 0 
7fd3c57f0000-7fd3c5cf0000 rw-p 00000000 00:00 0 
7fd3c5cf0000-7fd3c5ff0000 rw-p 00000000 00:00 0 
7fd3c5ff0000-7fd3c6070000 rw-p 00000000 00:00 0 
7fd3c6070000-7fd3c60f0000 rw-p 00000000 00:00 0 
7fd3c60f0000-7fd3c62f0000 rw-p 00000000 00:00 0 
7fd3c62f0000-7fd3c63f0000 rw-p 00000000 00:00 0 
7fd3c63f0000-7fd3c64f0000 rw-p 00000000 00:00 0 
7fd3c64f0000-7fd3c65f0000 rw-p 00000000 00:00 0 
7fd3c65f0000-7fd3c67f0000 rw-p 00000000 00:00 0 
7fd3c67f0000-7fd3c6970000 rw-p 00000000 00:00 0 
7fd3c6970000-7fd3c69f0000 rw-p 00000000 00:00 0 
7fd3c69f0000-7fd3c6eb0000 rw-p 00000000 00:00 0 
7fd3c6eb0000-7fd3c6ef0000 rw-p 00000000 00:00 0 
7fd3c6ef0000-7fd3c7000000 rw-p 00000000 00:00 0 
7fd3c7400000-7fd3c74f0000 rw-p 00000000 00:00 0 
7fd3c74f0000-7fd3c75f0000 rw-p 00000000 00:00 0 
7fd3c75f0000-7fd3c7af0000 rw-p 00000000 00:00 0 
7fd3c7af0000-7fd3c7c00000 rw-p 00000000 00:00 0 
7fd3c8000000-7fd3c88b2000 rw-p 00000000 00:00 0 
7fd3c88b2000-7fd3cc000000 ---p 00000000 00:00 0 
7fd3cc000000-7fd3cc021000 rw-p 00000000 00:00 0 
7fd3cc021000-7fd3d0000000 ---p 00000000 00:00 0 
7fd3d0000000-7fd3d0021000 rw-p 00000000 00:00 0 
7fd3d0021000-7fd3d4000000 ---p 00000000 00:00 0 
7fd3d4000000-7fd3d4021000 rw-p 00000000 00:00 0 
7fd3d4021000-7fd3d8000000 ---p 00000000 00:00 0 
7fd3d8000000-7fd3d8021000 rw-p 00000000 00:00 0 
7fd3d8021000-7fd3dc000000 ---p 00000000 00:00 0 
7fd3dca00000-7fd3dca10000 r-xp 00000000 00:984 310                       /home/runner/wumpus/.cache/jdt-language-server/config/org.eclipse.equinox.launcher/org.eclipse.equinox.launcher.gtk.linux.x86_64_1.2.400.v20211117-0650/eclipse_11600.so
7fd3dca10000-7fd3dcc0f000 ---p 00010000 00:984 310                       /home/runner/wumpus/.cache/jdt-language-server/config/org.eclipse.equinox.launcher/org.eclipse.equinox.launcher.gtk.linux.x86_64_1.2.400.v20211117-0650/eclipse_11600.so
7fd3dcc0f000-7fd3dcc10000 r--p 0000f000 00:984 310                       /home/runner/wumpus/.cache/jdt-language-server/config/org.eclipse.equinox.launcher/org.eclipse.equinox.launcher.gtk.linux.x86_64_1.2.400.v20211117-0650/eclipse_11600.so
7fd3dcc10000-7fd3dcc11000 rw-p 00010000 00:984 310                       /home/runner/wumpus/.cache/jdt-language-server/config/org.eclipse.equinox.launcher/org.eclipse.equinox.launcher.gtk.linux.x86_64_1.2.400.v20211117-0650/eclipse_11600.so
7fd3dcf00000-7fd3dd000000 ---p 00000000 00:00 0 
7fd3dd000000-7fd3dd5af000 r--p 01122000 00:b65 707802136                 /nix/store/gpxl5qgg8kicmcvivwmybwjlpf7wh20l-graalvm17-ce-22.3.0/lib/libjvmcicompiler.so
7fd3dd5af000-7fd3dd700000 r--p 00000000 00:00 0 
7fd3dd700000-7fd3dd73d000 rw-p 00000000 00:00 0 
7fd3dd73d000-7fd3ddc5d000 rw-p 0185f000 00:b65 707802136                 /nix/store/gpxl5qgg8kicmcvivwmybwjlpf7wh20l-graalvm17-ce-22.3.0/lib/libjvmcicompiler.so
7fd3ddc5d000-7fd3de044000 r--p 01d7f000 00:b65 707802136                 /nix/store/gpxl5qgg8kicmcvivwmybwjlpf7wh20l-graalvm17-ce-22.3.0/lib/libjvmcicompiler.so
7fd3de100000-7fd3de104000 ---p 00000000 00:00 0 
7fd3de104000-7fd3de200000 rw-p 00000000 00:00 0 
7fd3de300000-7fd3de304000 ---p 00000000 00:00 0 
7fd3de304000-7fd3de400000 rw-p 00000000 00:00 0 
7fd3de500000-7fd3de504000 ---p 00000000 00:00 0 
7fd3de504000-7fd3de600000 rw-p 00000000 00:00 0 
7fd3de700000-7fd3de704000 ---p 00000000 00:00 0 
7fd3de704000-7fd3de800000 rw-p 00000000 00:00 0 
7fd3de900000-7fd3de904000 ---p 00000000 00:00 0 
7fd3de904000-7fd3dea00000 rw-p 00000000 00:00 0 
7fd3deb00000-7fd3deb04000 ---p 00000000 00:00 0 
7fd3deb04000-7fd3dec00000 rw-p 00000000 00:00 0 
7fd3ded00000-7fd3ded04000 ---p 00000000 00:00 0 
7fd3ded04000-7fd3dee00000 rw-p 00000000 00:00 0 
7fd3dfa68000-7fd3dff00000 rw-p 00000000 00:00 0 
7fd3e0000000-7fd3e0021000 rw-p 00000000 00:00 0 
7fd3e0021000-7fd3e4000000 ---p 00000000 00:00 0 
7fd3e4000000-7fd3e4021000 rw-p 00000000 00:00 0 
7fd3e4021000-7fd3e8000000 ---p 00000000 00:00 0 
7fd3e8000000-7fd3e8021000 rw-p 00000000 00:00 0 
7fd3e8021000-7fd3ec000000 ---p 00000000 00:00 0 
7fd3ec000000-7fd3ec021000 rw-p 00000000 00:00 0 
7fd3ec021000-7fd3f0000000 ---p 00000000 00:00 0 
7fd3f0000000-7fd3f00e6000 rw-p 00000000 00:00 0 
7fd3f00e6000-7fd3f4000000 ---p 00000000 00:00 0 
7fd3f4000000-7fd3f4b67000 rw-p 00000000 00:00 0 
7fd3f4b67000-7fd3f8000000 ---p 00000000 00:00 0 
7fd3f8000000-7fd3f8021000 rw-p 00000000 00:00 0 
7fd3f8021000-7fd3fc000000 ---p 00000000 00:00 0 
7fd3fc000000-7fd3fc021000 rw-p 00000000 00:00 0 
7fd3fc021000-7fd400000000 ---p 00000000 00:00 0 
7fd400000000-7fd400021000 rw-p 00000000 00:00 0 
7fd400021000-7fd404000000 ---p 00000000 00:00 0 
7fd404000000-7fd404021000 rw-p 00000000 00:00 0 
7fd404021000-7fd408000000 ---p 00000000 00:00 0 
7fd408000000-7fd408021000 rw-p 00000000 00:00 0 
7fd408021000-7fd40c000000 ---p 00000000 00:00 0 
7fd40c000000-7fd40c021000 rw-p 00000000 00:00 0 
7fd40c021000-7fd410000000 ---p 00000000 00:00 0 
7fd410000000-7fd410070000 rw-p 00000000 00:00 0 
7fd410070000-7fd414004000 ---p 00000000 00:00 0 
7fd414004000-7fd414100000 rw-p 00000000 00:00 0 
7fd414100000-7fd414104000 ---p 00000000 00:00 0 
7fd414104000-7fd414200000 rw-p 00000000 00:00 0 
7fd414300000-7fd414304000 ---p 00000000 00:00 0 
7fd414304000-7fd414400000 rw-p 00000000 00:00 0 
7fd414500000-7fd414504000 ---p 00000000 00:00 0 
7fd414504000-7fd414600000 rw-p 00000000 00:00 0 
7fd414700000-7fd414704000 ---p 00000000 00:00 0 
7fd414704000-7fd414800000 rw-p 00000000 00:00 0 
7fd414900000-7fd414904000 ---p 00000000 00:00 0 
7fd414904000-7fd414a00000 rw-p 00000000 00:00 0 
7fd414b00000-7fd414b04000 ---p 00000000 00:00 0 
7fd414b04000-7fd414c00000 rw-p 00000000 00:00 0 
7fd414c00000-7fd414c04000 ---p 00000000 00:00 0 
7fd414c04000-7fd414d00000 rw-p 00000000 00:00 0 
7fd414d00000-7fd414d04000 ---p 00000000 00:00 0 
7fd414d04000-7fd414e00000 rw-p 00000000 00:00 0 
7fd414f00000-7fd414f04000 ---p 00000000 00:00 0 
7fd414f04000-7fd415000000 rw-p 00000000 00:00 0 
7fd415000000-7fd41716a000 r-xp 00000000 00:b65 707802136                 /nix/store/gpxl5qgg8kicmcvivwmybwjlpf7wh20l-graalvm17-ce-22.3.0/lib/libjvmcicompiler.so
7fd41716a000-7fd417369000 ---p 0216a000 00:b65 707802136                 /nix/store/gpxl5qgg8kicmcvivwmybwjlpf7wh20l-graalvm17-ce-22.3.0/lib/libjvmcicompiler.so
7fd417369000-7fd41736a000 r--p 02169000 00:b65 707802136                 /nix/store/gpxl5qgg8kicmcvivwmybwjlpf7wh20l-graalvm17-ce-22.3.0/lib/libjvmcicompiler.so
7fd41736a000-7fd41736c000 rw-p 0216a000 00:b65 707802136                 /nix/store/gpxl5qgg8kicmcvivwmybwjlpf7wh20l-graalvm17-ce-22.3.0/lib/libjvmcicompiler.so
7fd41736c000-7fd41736d000 rw-p 00000000 00:00 0 
7fd41736d000-7fd417372000 rw-p 023c3000 00:b65 707802136                 /nix/store/gpxl5qgg8kicmcvivwmybwjlpf7wh20l-graalvm17-ce-22.3.0/lib/libjvmcicompiler.so
7fd4173b3000-7fd4173b7000 ---p 00000000 00:00 0 
7fd4173b7000-7fd4174b3000 rw-p 00000000 00:00 0 
7fd4174b3000-7fd417723000 rwxp 00000000 00:00 0 
7fd417723000-7fd417a42000 ---p 00000000 00:00 0 
7fd417a42000-7fd418932000 rwxp 00000000 00:00 0 
7fd418932000-7fd41ef7a000 ---p 00000000 00:00 0 
7fd41ef7a000-7fd41f1fa000 rwxp 00000000 00:00 0 
7fd41f1fa000-7fd4264b3000 ---p 00000000 00:00 0 
7fd4264b3000-7fd430000000 r--s 00000000 00:b65 707804677                 /nix/store/gpxl5qgg8kicmcvivwmybwjlpf7wh20l-graalvm17-ce-22.3.0/lib/modules
7fd430000000-7fd430401000 rw-p 00000000 00:00 0 
7fd430401000-7fd434000000 ---p 00000000 00:00 0 
7fd434000000-7fd434004000 ---p 00000000 00:00 0 
7fd434004000-7fd434100000 rw-p 00000000 00:00 0 
7fd434100000-7fd434104000 ---p 00000000 00:00 0 
7fd434104000-7fd434200000 rw-p 00000000 00:00 0 
7fd434200000-7fd434204000 ---p 00000000 00:00 0 
7fd434204000-7fd434300000 rw-p 00000000 00:00 0 
7fd434400000-7fd434404000 ---p 00000000 00:00 0 
7fd434404000-7fd434500000 rw-p 00000000 00:00 0 
7fd434600000-7fd434604000 ---p 00000000 00:00 0 
7fd434604000-7fd434700000 rw-p 00000000 00:00 0 
7fd434818000-7fd434819000 ---p 00000000 00:00 0 
7fd434819000-7fd43491a000 rw-p 00000000 00:00 0 
7fd43491a000-7fd43491e000 ---p 00000000 00:00 0 
7fd43491e000-7fd434a1a000 rw-p 00000000 00:00 0 
7fd434a1a000-7fd434a1e000 ---p 00000000 00:00 0 
7fd434a1e000-7fd434b1a000 rw-p 00000000 00:00 0 
7fd434b1a000-7fd434b1e000 ---p 00000000 00:00 0 
7fd434b1e000-7fd434c1a000 rw-p 00000000 00:00 0 
7fd434c1a000-7fd434c1e000 ---p 00000000 00:00 0 
7fd434c1e000-7fd434e1a000 rw-p 00000000 00:00 0 
7fd434e1a000-7fd434e1e000 ---p 00000000 00:00 0 
7fd434e1e000-7fd43501a000 rw-p 00000000 00:00 0 
7fd43501a000-7fd43501e000 ---p 00000000 00:00 0 
7fd43501e000-7fd43511a000 rw-p 00000000 00:00 0 
7fd43511a000-7fd43511e000 ---p 00000000 00:00 0 
7fd43511e000-7fd43521a000 rw-p 00000000 00:00 0 
7fd43521a000-7fd43521e000 ---p 00000000 00:00 0 
7fd43521e000-7fd43531a000 rw-p 00000000 00:00 0 
7fd43531a000-7fd435600000 r--p 00000000 00:1493 28444448                 /usr/lib/locale/locale-archive
7fd435600000-7fd435604000 ---p 00000000 00:00 0 
7fd435604000-7fd435700000 rw-p 00000000 00:00 0 
7fd435700000-7fd435704000 ---p 00000000 00:00 0 
7fd435704000-7fd435bf0000 rw-p 00000000 00:00 0 
7fd435bf0000-7fd435ef0000 rw-p 00000000 00:00 0 
7fd435ef0000-7fd436000000 rw-p 00000000 00:00 0 
7fd436001000-7fd436003000 r-xp 00000000 00:b65 707802113                 /nix/store/gpxl5qgg8kicmcvivwmybwjlpf7wh20l-graalvm17-ce-22.3.0/lib/libextnet.so
7fd436003000-7fd436004000 r--p 00001000 00:b65 707802113                 /nix/store/gpxl5qgg8kicmcvivwmybwjlpf7wh20l-graalvm17-ce-22.3.0/lib/libextnet.so
7fd436004000-7fd436005000 rw-p 00002000 00:b65 707802113                 /nix/store/gpxl5qgg8kicmcvivwmybwjlpf7wh20l-graalvm17-ce-22.3.0/lib/libextnet.so
7fd436005000-7fd436006000 rw-p 00004000 00:b65 707802113                 /nix/store/gpxl5qgg8kicmcvivwmybwjlpf7wh20l-graalvm17-ce-22.3.0/lib/libextnet.so
7fd436006000-7fd43600a000 ---p 00000000 00:00 0 
7fd43600a000-7fd436028000 rw-p 00000000 00:00 0 
7fd436028000-7fd43602f000 r-xp 00000000 00:b65 707804676                 /nix/store/gpxl5qgg8kicmcvivwmybwjlpf7wh20l-graalvm17-ce-22.3.0/lib/libzip.so
7fd43602f000-7fd436030000 ---p 00007000 00:b65 707804676                 /nix/store/gpxl5qgg8kicmcvivwmybwjlpf7wh20l-graalvm17-ce-22.3.0/lib/libzip.so
7fd436030000-7fd436031000 r--p 00007000 00:b65 707804676                 /nix/store/gpxl5qgg8kicmcvivwmybwjlpf7wh20l-graalvm17-ce-22.3.0/lib/libzip.so
7fd436031000-7fd436032000 rw-p 00008000 00:b65 707804676                 /nix/store/gpxl5qgg8kicmcvivwmybwjlpf7wh20l-graalvm17-ce-22.3.0/lib/libzip.so
7fd436032000-7fd436034000 rw-p 0000b000 00:b65 707804676                 /nix/store/gpxl5qgg8kicmcvivwmybwjlpf7wh20l-graalvm17-ce-22.3.0/lib/libzip.so
7fd436034000-7fd436049000 r-xp 00000000 00:b65 707804666                 /nix/store/gpxl5qgg8kicmcvivwmybwjlpf7wh20l-graalvm17-ce-22.3.0/lib/libnet.so
7fd436049000-7fd43604a000 ---p 00015000 00:b65 707804666                 /nix/store/gpxl5qgg8kicmcvivwmybwjlpf7wh20l-graalvm17-ce-22.3.0/lib/libnet.so
7fd43604a000-7fd43604b000 r--p 00015000 00:b65 707804666                 /nix/store/gpxl5qgg8kicmcvivwmybwjlpf7wh20l-graalvm17-ce-22.3.0/lib/libnet.so
7fd43604b000-7fd43604c000 rw-p 00016000 00:b65 707804666                 /nix/store/gpxl5qgg8kicmcvivwmybwjlpf7wh20l-graalvm17-ce-22.3.0/lib/libnet.so
7fd43604c000-7fd43604f000 rw-p 0001b000 00:b65 707804666                 /nix/store/gpxl5qgg8kicmcvivwmybwjlpf7wh20l-graalvm17-ce-22.3.0/lib/libnet.so
7fd43604f000-7fd436062000 r-xp 00000000 00:b65 707804667                 /nix/store/gpxl5qgg8kicmcvivwmybwjlpf7wh20l-graalvm17-ce-22.3.0/lib/libnio.so
7fd436062000-7fd436063000 r--p 00012000 00:b65 707804667                 /nix/store/gpxl5qgg8kicmcvivwmybwjlpf7wh20l-graalvm17-ce-22.3.0/lib/libnio.so
7fd436063000-7fd436064000 rw-p 00013000 00:b65 707804667                 /nix/store/gpxl5qgg8kicmcvivwmybwjlpf7wh20l-graalvm17-ce-22.3.0/lib/libnio.so
7fd436064000-7fd436069000 rw-p 00019000 00:b65 707804667                 /nix/store/gpxl5qgg8kicmcvivwmybwjlpf7wh20l-graalvm17-ce-22.3.0/lib/libnio.so
7fd436069000-7fd43606a000 ---p 00000000 00:00 0 
7fd43606a000-7fd43616b000 rw-p 00000000 00:00 0 
7fd43616b000-7fd436239000 r-xp 00000000 00:b65 707802132                 /nix/store/gpxl5qgg8kicmcvivwmybwjlpf7wh20l-graalvm17-ce-22.3.0/lib/libjsvml.so
7fd436239000-7fd43623a000 r--p 000cd000 00:b65 707802132                 /nix/store/gpxl5qgg8kicmcvivwmybwjlpf7wh20l-graalvm17-ce-22.3.0/lib/libjsvml.so
7fd43623a000-7fd43623b000 rw-p 000ce000 00:b65 707802132                 /nix/store/gpxl5qgg8kicmcvivwmybwjlpf7wh20l-graalvm17-ce-22.3.0/lib/libjsvml.so
7fd43623b000-7fd437b13000 rw-p 00000000 00:00 0 
7fd437b13000-7fd437b14000 ---p 00000000 00:00 0 
7fd437b14000-7fd437caf000 rw-p 00000000 00:00 0 
7fd437caf000-7fd437ce4000 rw-p 00000000 00:00 0 
7fd437ce4000-7fd437d15000 ---p 00000000 00:00 0 
7fd437d15000-7fd437d1b000 rw-p 00000000 00:00 0 
7fd437d1b000-7fd437e01000 ---p 00000000 00:00 0 
7fd437e01000-7fd437e1f000 rw-p 00000000 00:00 0 
7fd437e1f000-7fd437eec000 ---p 00000000 00:00 0 
7fd437eec000-7fd437ef1000 rw-p 00000000 00:00 0 
7fd437ef1000-7fd437ef8000 ---p 00000000 00:00 0 
7fd437ef8000-7fd437f1c000 r-xp 00000000 00:b65 707802124                 /nix/store/gpxl5qgg8kicmcvivwmybwjlpf7wh20l-graalvm17-ce-22.3.0/lib/libjava.so
7fd437f1c000-7fd437f1d000 ---p 00024000 00:b65 707802124                 /nix/store/gpxl5qgg8kicmcvivwmybwjlpf7wh20l-graalvm17-ce-22.3.0/lib/libjava.so
7fd437f1d000-7fd437f1e000 r--p 00024000 00:b65 707802124                 /nix/store/gpxl5qgg8kicmcvivwmybwjlpf7wh20l-graalvm17-ce-22.3.0/lib/libjava.so
7fd437f1e000-7fd437f1f000 rw-p 00025000 00:b65 707802124                 /nix/store/gpxl5qgg8kicmcvivwmybwjlpf7wh20l-graalvm17-ce-22.3.0/lib/libjava.so
7fd437f1f000-7fd437f20000 rw-p 00000000 00:00 0 
7fd437f20000-7fd437f27000 rw-p 0002f000 00:b65 707802124                 /nix/store/gpxl5qgg8kicmcvivwmybwjlpf7wh20l-graalvm17-ce-22.3.0/lib/libjava.so
7fd437f27000-7fd437f2f000 rw-s 00000000 00:1485 428                      /tmp/hsperfdata_runner/80
7fd437f2f000-7fd437f30000 ---p 00000000 00:00 0 
7fd437f30000-7fd437f31000 r--p 00000000 00:00 0 
7fd437f31000-7fd437f32000 rwxp 00000000 00:00 0 
7fd437f32000-7fd437f4d000 r-xp 00000000 00:b65 707802128                 /nix/store/gpxl5qgg8kicmcvivwmybwjlpf7wh20l-graalvm17-ce-22.3.0/lib/libjimage.so
7fd437f4d000-7fd437f4e000 ---p 0001b000 00:b65 707802128                 /nix/store/gpxl5qgg8kicmcvivwmybwjlpf7wh20l-graalvm17-ce-22.3.0/lib/libjimage.so
7fd437f4e000-7fd437f50000 r--p 0001b000 00:b65 707802128                 /nix/store/gpxl5qgg8kicmcvivwmybwjlpf7wh20l-graalvm17-ce-22.3.0/lib/libjimage.so
7fd437f50000-7fd437f51000 rw-p 0001d000 00:b65 707802128                 /nix/store/gpxl5qgg8kicmcvivwmybwjlpf7wh20l-graalvm17-ce-22.3.0/lib/libjimage.so
7fd437f51000-7fd437f52000 rw-p 00024000 00:b65 707802128                 /nix/store/gpxl5qgg8kicmcvivwmybwjlpf7wh20l-graalvm17-ce-22.3.0/lib/libjimage.so
7fd437f52000-7fd437f56000 ---p 00000000 00:00 0 
7fd437f56000-7fd438052000 rw-p 00000000 00:00 0 
7fd438052000-7fd438060000 r--p 00000000 00:b65 600592023                 /nix/store/4nlgxhb09sdr51nc9hdm8az5b08vzkgx-glibc-2.35-163/lib/libm.so.6
7fd438060000-7fd4380d3000 r-xp 0000e000 00:b65 600592023                 /nix/store/4nlgxhb09sdr51nc9hdm8az5b08vzkgx-glibc-2.35-163/lib/libm.so.6
7fd4380d3000-7fd438130000 r--p 00081000 00:b65 600592023                 /nix/store/4nlgxhb09sdr51nc9hdm8az5b08vzkgx-glibc-2.35-163/lib/libm.so.6
7fd438130000-7fd438131000 r--p 000dd000 00:b65 600592023                 /nix/store/4nlgxhb09sdr51nc9hdm8az5b08vzkgx-glibc-2.35-163/lib/libm.so.6
7fd438131000-7fd438132000 rw-p 000de000 00:b65 600592023                 /nix/store/4nlgxhb09sdr51nc9hdm8az5b08vzkgx-glibc-2.35-163/lib/libm.so.6
7fd438132000-7fd438133000 r--p 00000000 00:b65 600592042                 /nix/store/4nlgxhb09sdr51nc9hdm8az5b08vzkgx-glibc-2.35-163/lib/librt.so.1
7fd438133000-7fd438134000 r-xp 00001000 00:b65 600592042                 /nix/store/4nlgxhb09sdr51nc9hdm8az5b08vzkgx-glibc-2.35-163/lib/librt.so.1
7fd438134000-7fd438135000 r--p 00002000 00:b65 600592042                 /nix/store/4nlgxhb09sdr51nc9hdm8az5b08vzkgx-glibc-2.35-163/lib/librt.so.1
7fd438135000-7fd438136000 r--p 00002000 00:b65 600592042                 /nix/store/4nlgxhb09sdr51nc9hdm8az5b08vzkgx-glibc-2.35-163/lib/librt.so.1
7fd438136000-7fd438137000 rw-p 00003000 00:b65 600592042                 /nix/store/4nlgxhb09sdr51nc9hdm8az5b08vzkgx-glibc-2.35-163/lib/librt.so.1
7fd438137000-7fd43924a000 r-xp 00000000 00:b65 707972962                 /nix/store/gpxl5qgg8kicmcvivwmybwjlpf7wh20l-graalvm17-ce-22.3.0/lib/server/libjvm.so
7fd43924a000-7fd43924b000 ---p 01113000 00:b65 707972962                 /nix/store/gpxl5qgg8kicmcvivwmybwjlpf7wh20l-graalvm17-ce-22.3.0/lib/server/libjvm.so
7fd43924b000-7fd439300000 r--p 01113000 00:b65 707972962                 /nix/store/gpxl5qgg8kicmcvivwmybwjlpf7wh20l-graalvm17-ce-22.3.0/lib/server/libjvm.so
7fd439300000-7fd439334000 rw-p 011c8000 00:b65 707972962                 /nix/store/gpxl5qgg8kicmcvivwmybwjlpf7wh20l-graalvm17-ce-22.3.0/lib/server/libjvm.so
7fd439334000-7fd439390000 rw-p 00000000 00:00 0 
7fd439390000-7fd4393b8000 r--p 00000000 00:b65 600592014                 /nix/store/4nlgxhb09sdr51nc9hdm8az5b08vzkgx-glibc-2.35-163/lib/libc.so.6
7fd4393b8000-7fd43952e000 r-xp 00028000 00:b65 600592014                 /nix/store/4nlgxhb09sdr51nc9hdm8az5b08vzkgx-glibc-2.35-163/lib/libc.so.6
7fd43952e000-7fd439586000 r--p 0019e000 00:b65 600592014                 /nix/store/4nlgxhb09sdr51nc9hdm8az5b08vzkgx-glibc-2.35-163/lib/libc.so.6
7fd439586000-7fd43958a000 r--p 001f6000 00:b65 600592014                 /nix/store/4nlgxhb09sdr51nc9hdm8az5b08vzkgx-glibc-2.35-163/lib/libc.so.6
7fd43958a000-7fd43958c000 rw-p 001fa000 00:b65 600592014                 /nix/store/4nlgxhb09sdr51nc9hdm8az5b08vzkgx-glibc-2.35-163/lib/libc.so.6
7fd43958c000-7fd43959b000 rw-p 00000000 00:00 0 
7fd43959b000-7fd43959c000 r--p 00000000 00:b65 600592019                 /nix/store/4nlgxhb09sdr51nc9hdm8az5b08vzkgx-glibc-2.35-163/lib/libdl.so.2
7fd43959c000-7fd43959d000 r-xp 00001000 00:b65 600592019                 /nix/store/4nlgxhb09sdr51nc9hdm8az5b08vzkgx-glibc-2.35-163/lib/libdl.so.2
7fd43959d000-7fd43959e000 r--p 00002000 00:b65 600592019                 /nix/store/4nlgxhb09sdr51nc9hdm8az5b08vzkgx-glibc-2.35-163/lib/libdl.so.2
7fd43959e000-7fd43959f000 r--p 00002000 00:b65 600592019                 /nix/store/4nlgxhb09sdr51nc9hdm8az5b08vzkgx-glibc-2.35-163/lib/libdl.so.2
7fd43959f000-7fd4395a0000 rw-p 00003000 00:b65 600592019                 /nix/store/4nlgxhb09sdr51nc9hdm8az5b08vzkgx-glibc-2.35-163/lib/libdl.so.2
7fd4395a0000-7fd4395a1000 r--p 00000000 00:b65 600592038                 /nix/store/4nlgxhb09sdr51nc9hdm8az5b08vzkgx-glibc-2.35-163/lib/libpthread.so.0
7fd4395a1000-7fd4395a2000 r-xp 00001000 00:b65 600592038                 /nix/store/4nlgxhb09sdr51nc9hdm8az5b08vzkgx-glibc-2.35-163/lib/libpthread.so.0
7fd4395a2000-7fd4395a3000 r--p 00002000 00:b65 600592038                 /nix/store/4nlgxhb09sdr51nc9hdm8az5b08vzkgx-glibc-2.35-163/lib/libpthread.so.0
7fd4395a3000-7fd4395a4000 r--p 00002000 00:b65 600592038                 /nix/store/4nlgxhb09sdr51nc9hdm8az5b08vzkgx-glibc-2.35-163/lib/libpthread.so.0
7fd4395a4000-7fd4395a5000 rw-p 00003000 00:b65 600592038                 /nix/store/4nlgxhb09sdr51nc9hdm8az5b08vzkgx-glibc-2.35-163/lib/libpthread.so.0
7fd4395a5000-7fd4395b3000 r-xp 00000000 00:b65 707802129                 /nix/store/gpxl5qgg8kicmcvivwmybwjlpf7wh20l-graalvm17-ce-22.3.0/lib/libjli.so
7fd4395b3000-7fd4395b4000 ---p 0000e000 00:b65 707802129                 /nix/store/gpxl5qgg8kicmcvivwmybwjlpf7wh20l-graalvm17-ce-22.3.0/lib/libjli.so
7fd4395b4000-7fd4395b5000 r--p 0000e000 00:b65 707802129                 /nix/store/gpxl5qgg8kicmcvivwmybwjlpf7wh20l-graalvm17-ce-22.3.0/lib/libjli.so
7fd4395b5000-7fd4395b6000 rw-p 0000f000 00:b65 707802129                 /nix/store/gpxl5qgg8kicmcvivwmybwjlpf7wh20l-graalvm17-ce-22.3.0/lib/libjli.so
7fd4395b6000-7fd4395b7000 rw-p 00012000 00:b65 707802129                 /nix/store/gpxl5qgg8kicmcvivwmybwjlpf7wh20l-graalvm17-ce-22.3.0/lib/libjli.so
7fd4395b7000-7fd4395ba000 r--p 00000000 00:b65 678822167                 /nix/store/026hln0aq1hyshaxsdvhg0kmcm6yf45r-zlib-1.2.13/lib/libz.so.1.2.13
7fd4395ba000-7fd4395cc000 r-xp 00003000 00:b65 678822167                 /nix/store/026hln0aq1hyshaxsdvhg0kmcm6yf45r-zlib-1.2.13/lib/libz.so.1.2.13
7fd4395cc000-7fd4395d3000 r--p 00015000 00:b65 678822167                 /nix/store/026hln0aq1hyshaxsdvhg0kmcm6yf45r-zlib-1.2.13/lib/libz.so.1.2.13
7fd4395d3000-7fd4395d4000 r--p 0001b000 00:b65 678822167                 /nix/store/026hln0aq1hyshaxsdvhg0kmcm6yf45r-zlib-1.2.13/lib/libz.so.1.2.13
7fd4395d4000-7fd4395d5000 rw-p 0001c000 00:b65 678822167                 /nix/store/026hln0aq1hyshaxsdvhg0kmcm6yf45r-zlib-1.2.13/lib/libz.so.1.2.13
7fd4395d5000-7fd4395d7000 rw-p 00000000 00:00 0 
7fd4395d7000-7fd4395d9000 r--p 00000000 00:b65 600592008                 /nix/store/4nlgxhb09sdr51nc9hdm8az5b08vzkgx-glibc-2.35-163/lib/ld-linux-x86-64.so.2
7fd4395d9000-7fd439600000 r-xp 00002000 00:b65 600592008                 /nix/store/4nlgxhb09sdr51nc9hdm8az5b08vzkgx-glibc-2.35-163/lib/ld-linux-x86-64.so.2
7fd439600000-7fd43960c000 r--p 00029000 00:b65 600592008                 /nix/store/4nlgxhb09sdr51nc9hdm8az5b08vzkgx-glibc-2.35-163/lib/ld-linux-x86-64.so.2
7fd43960c000-7fd43960e000 r--p 00034000 00:b65 600592008                 /nix/store/4nlgxhb09sdr51nc9hdm8az5b08vzkgx-glibc-2.35-163/lib/ld-linux-x86-64.so.2
7fd43960e000-7fd439610000 rw-p 00036000 00:b65 600592008                 /nix/store/4nlgxhb09sdr51nc9hdm8az5b08vzkgx-glibc-2.35-163/lib/ld-linux-x86-64.so.2
7fffd2b22000-7fffd2b46000 rw-p 00000000 00:00 0                          [stack]
7fffd2bcd000-7fffd2bd1000 r--p 00000000 00:00 0                          [vvar]
7fffd2bd1000-7fffd2bd3000 r-xp 00000000 00:00 0                          [vdso]
ffffffffff600000-ffffffffff601000 --xp 00000000 00:00 0                  [vsyscall]


VM Arguments:
jvm_args: -XX:ThreadPriorityPolicy=1 -XX:+UnlockExperimentalVMOptions -XX:+EnableJVMCIProduct -XX:JVMCIThreadsPerNativeLibraryRuntime=1 -XX:-UnlockExperimentalVMOptions -Declipse.application=org.eclipse.jdt.ls.core.id1 -Dosgi.bundles.defaultStartLevel=4 -Declipse.product=org.eclipse.jdt.ls.core.product -Dlog.level=ALL -Xverify:none -XX:+UseParallelGC -XX:GCTimeRatio=4 -XX:AdaptiveSizePolicyWeight=90 -Dsun.zip.disableMemoryMapping=true -Xmx512m -Xms100m 
java_command: /nix/store/q9712qvwdh22a4krw4jz2sjrz07mvjbl-jdt-language-server-1.9.0/share/java/plugins/org.eclipse.equinox.launcher_1.6.400.v20210924-0641.jar --add-modules=ALL-SYSTEM --add-opens java.base/java.util=ALL-UNNAMED --add-opens java.base/java.lang=ALL-UNNAMED -configuration /home/runner/wumpus/.cache/jdt-language-server/config -data /home/runner/.cache/jdt-language-server/data/home/runner/wumpus
java_class_path (initial): /nix/store/q9712qvwdh22a4krw4jz2sjrz07mvjbl-jdt-language-server-1.9.0/share/java/plugins/org.eclipse.equinox.launcher_1.6.400.v20210924-0641.jar
Launcher Type: SUN_STANDARD

[Global flags]
    uintx AdaptiveSizePolicyWeight                 = 90                                        {product} {command line}
     intx CICompilerCount                          = 2                                         {product} {ergonomic}
     bool EnableJVMCIProduct                       = true                                {JVMCI product} {jimage}
    uintx GCTimeRatio                              = 4                                         {product} {command line}
   size_t InitialHeapSize                          = 104857600                                 {product} {command line}
     uint JVMCIThreadsPerNativeLibraryRuntime      = 1                                   {JVMCI product} {jimage}
   size_t MaxHeapSize                              = 536870912                                 {product} {command line}
   size_t MaxNewSize                               = 178782208                                 {product} {ergonomic}
   size_t MinHeapDeltaBytes                        = 524288                                    {product} {ergonomic}
   size_t MinHeapSize                              = 104857600                                 {product} {command line}
   size_t NewSize                                  = 34603008                                  {product} {ergonomic}
    uintx NonNMethodCodeHeapSize                   = 5826188                                {pd product} {ergonomic}
    uintx NonProfiledCodeHeapSize                  = 122916026                              {pd product} {ergonomic}
   size_t OldSize                                  = 70254592                                  {product} {ergonomic}
    uintx ProfiledCodeHeapSize                     = 122916026                              {pd product} {ergonomic}
    uintx ReservedCodeCacheSize                    = 251658240                              {pd product} {ergonomic}
     bool SegmentedCodeCache                       = true                                      {product} {ergonomic}
   size_t SoftMaxHeapSize                          = 536870912                              {manageable} {ergonomic}
     intx ThreadPriorityPolicy                     = 1                                         {product} {jimage}
     bool UseCompressedClassPointers               = true                           {product lp64_product} {ergonomic}
     bool UseCompressedOops                        = true                           {product lp64_product} {ergonomic}
     bool UseParallelGC                            = true                                      {product} {command line}

Logging:
Log output configuration:
 #0: stdout all=warning uptime,level,tags
 #1: stderr all=off uptime,level,tags

Environment Variables:
JAVA_HOME=/nix/store/gpxl5qgg8kicmcvivwmybwjlpf7wh20l-graalvm17-ce-22.3.0
PATH=/nix/store/1d6ian3r8kdzspw8hacjhl3xkp40g1lj-binutils-wrapper-2.39/bin:/nix/store/dq0xwmsk1g0i2ayg6pb7y87na2knzylh-gcc-wrapper-11.3.0/bin:/nix/store/bap4d0lpcrhpwmpb8ayjcgkmvfj62lnq-bash-interactive-5.1-p16/bin:/nix/store/pr5n59mb4jzmfx6kanwxly0l07p861fg-patchelf-0.15.0/bin:/nix/store/1gf2flfqnpqbr1b4p4qz2f72y42bs56r-gcc-11.3.0/bin:/nix/store/57xv61c5zi8pphjbcwxxjlgc34p61ic9-glibc-2.35-163-bin/bin:/nix/store/a7gvj343m05j2s32xcnwr35v31ynlypr-coreutils-9.1/bin:/nix/store/039g378vc3pc3dvi9dzdlrd0i4q93qwf-binutils-2.39/bin:/nix/store/gpxl5qgg8kicmcvivwmybwjlpf7wh20l-graalvm17-ce-22.3.0/bin:/nix/store/6z9ag3ihc8mq2hzsw48lhbznvzny65nz-apache-maven-3.8.6/bin:/nix/store/q9712qvwdh22a4krw4jz2sjrz07mvjbl-jdt-language-server-1.9.0/bin:/nix/store/9zdrgm97n766nc0kj11x4xvvp00qlfk9-java-debug/bin:/nix/store/mydc6f4k2z73xlcz7ilif3v2lcaiqvza-findutils-4.9.0/bin:/nix/store/j9p3g8472iijd50vhdprx0nmk2fqn5gv-diffutils-3.8/bin:/nix/store/89zs7rms6x00xfq4dq6m7mjnhkr8a6r4-gnused-4.8/bin:/nix/store/86bp03jkmsl6f92w0yzg4s59g5mhxwmy-gnugrep-3.7/bin:/nix/store/hwcdqw4jrjnd37wxqgsd47hd0j8bnj09-gawk-5.1.1/bin:/nix/store/cfbhw8r8ags41vwqaz47r583d0p4h4a1-gnutar-1.34/bin:/nix/store/p3m1ndl1lapwrlh698bnb5lvvxh67378-gzip-1.12/bin:/nix/store/a8mhcagrsly7c7mpjrpsnaahk4aax056-bzip2-1.0.8-bin/bin:/nix/store/mblgz65m3zv9x548a3d5m96fj2pbwr09-gnumake-4.3/bin:/nix/store/dsd5gz46hdbdk2rfdimqddhq6m8m8fqs-bash-5.1-p16/bin:/nix/store/v7ljksji50mg3w61dykaa3n3y79n6nil-patch-2.7.6/bin:/nix/store/zlcnmqq14jz5x9439jf937mvayyl63da-xz-5.2.7-bin/bin:/nix/store/y6aj732zm9m87c82fpvf103a1xb22blp-file-5.43/bin:/nix/store/yq0vlv3d2f5si3ibawpq5ay2pc6knixp-nix-2.18.0pre20230808_c0e6466/bin:/nix/store/i4kzir3m7mrisxmf5xvlnkw01x4qaqr4-prybar-elisp-0.0.0-e0d9a52/bin:/nix/store/lwwivxf6h7x3cvxp9zv8sj0mv7dak99r-prybar-lua-0.0.0-e0d9a52/bin:/nix/store/gxj28g1cg4hq3qanmjv07156h800qr58-prybar-python3-0.0.0-e0d9a52/bin:/nix/store/hshkjnxrgidigf8x75vg6lqng2xlx9i3-prybar-sqlite-0.0.0-e0d9a52/bin:/nix/store/c4w01bpjgyy5ixmwdk8m1pw87zq4sl
LD_LIBRARY_PATH=/nix/store/a4pff549sk2idnkpzk5nsfps3mdkdnvm-cups-2.4.2-lib/lib:/nix/store/72mqxxhh3cy5yifh92wh2yb8cl2hikyy-cairo-1.16.0/lib:/nix/store/2k366jrbsra97gjfxwvrhvixjfxdach5-glib-2.74.1/lib:/nix/store/2j2znigd8ak37rlwh9khz0ry3clqlw1l-gtk+3-3.24.34/lib:/nix/store/hisqvx32cd57apbpcsnkpx6k3549wql1-libglvnd-1.4.0/lib:/nix/store/p36pgcv991mq5srvg765b78yqpxvk3qs-mesa-21.3.3-drivers/lib:/nix/store/mav4251if1ahjq5vkpwycyyvnmy459c4-pulseaudio-14.2/lib
DISPLAY=:0
LANG=en_US.UTF-8

Signal Handlers:
   SIGSEGV: crash_handler in libjvm.so, mask=11100100010111111101111111111110, flags=SA_RESTART|SA_SIGINFO
    SIGBUS: crash_handler in libjvm.so, mask=11100100010111111101111111111110, flags=SA_RESTART|SA_SIGINFO
    SIGFPE: crash_handler in libjvm.so, mask=11100100010111111101111111111110, flags=SA_RESTART|SA_SIGINFO
   SIGPIPE: IsolateEnterStub_IgnoreSIGPIPEStartupHook_noopSignalHandler_8f19bff2f35b5f630d83b364d6b2339320d4ec70_216e8361c6bc87a8f89f58cc10d3b2fd4415bf87 in libjvmcicompiler.so, mask=00000000000000000000000000000000, flags=SA_RESTART
  *** Handler was modified!
  *** Expected: javaSignalHandler in libjvm.so, mask=11100100110111111111111111111110, flags=SA_RESTART|SA_SIGINFO
   SIGXFSZ: javaSignalHandler in libjvm.so, mask=11100100010111111101111111111110, flags=SA_RESTART|SA_SIGINFO
    SIGILL: crash_handler in libjvm.so, mask=11100100010111111101111111111110, flags=SA_RESTART|SA_SIGINFO
   SIGUSR2: SR_handler in libjvm.so, mask=00000000000000000000000000000000, flags=SA_RESTART|SA_SIGINFO
    SIGHUP: UserHandler in libjvm.so, mask=11100100010111111101111111111110, flags=SA_RESTART|SA_SIGINFO
    SIGINT: UserHandler in libjvm.so, mask=11100100010111111101111111111110, flags=SA_RESTART|SA_SIGINFO
   SIGTERM: UserHandler in libjvm.so, mask=11100100010111111101111111111110, flags=SA_RESTART|SA_SIGINFO
   SIGQUIT: UserHandler in libjvm.so, mask=11100100010111111101111111111110, flags=SA_RESTART|SA_SIGINFO
  *** Handler was modified!
  *** Expected: javaSignalHandler in libjvm.so, mask=11100100110111111111111111111110, flags=SA_RESTART|SA_SIGINFO
   SIGTRAP: crash_handler in libjvm.so, mask=11100100010111111101111111111110, flags=SA_RESTART|SA_SIGINFO


---------------  S Y S T E M  ---------------

OS:
DISTRIB_ID=Ubuntu
DISTRIB_RELEASE=20.04
DISTRIB_CODENAME=focal
DISTRIB_DESCRIPTION="Ubuntu 20.04.2 LTS"
uname: Linux 6.2.0-1019-gcp #21~22.04.1-Ubuntu SMP Thu Nov 16 18:18:34 UTC 2023 x86_64
OS uptime: 0 days 14:17 hours
libc: glibc 2.35 NPTL 2.35 
rlimit (soft/hard): STACK 8192k/infinity , CORE infinity/infinity , NPROC infinity/infinity , NOFILE 5242/5242 , AS infinity/infinity , CPU infinity/infinity , DATA infinity/infinity , FSIZE infinity/infinity , MEMLOCK 8192k/8192k
load average: 4.08 8.07 10.13

/proc/meminfo:
MemTotal:       65835928 kB
MemFree:        32608604 kB
MemAvailable:   42113616 kB
Buffers:          915456 kB
Cached:          8477612 kB
SwapCached:            0 kB
Active:          3902068 kB
Inactive:       25835092 kB
Active(anon):       9604 kB
Inactive(anon): 20297944 kB
Active(file):    3892464 kB
Inactive(file):  5537148 kB
Unevictable:       27848 kB
Mlocked:           27848 kB
SwapTotal:             0 kB
SwapFree:              0 kB
Zswap:                 0 kB
Zswapped:              0 kB
Dirty:              2712 kB
Writeback:             0 kB
AnonPages:      18364372 kB
Mapped:          1225016 kB
Shmem:             18156 kB
KReclaimable:    1363420 kB
Slab:            2283680 kB
SReclaimable:    1363420 kB
SUnreclaim:       920260 kB
KernelStack:      423044 kB
PageTables:       161752 kB
SecPageTables:         0 kB
NFS_Unstable:          0 kB
Bounce:                0 kB
WritebackTmp:          0 kB
CommitLimit:    32917964 kB
Committed_AS:   46550876 kB
VmallocTotal:   34359738367 kB
VmallocUsed:      453692 kB
VmallocChunk:          0 kB
Percpu:            58144 kB
HardwareCorrupted:     0 kB
AnonHugePages:   1646592 kB
ShmemHugePages:        0 kB
ShmemPmdMapped:        0 kB
FileHugePages:         0 kB
FilePmdMapped:         0 kB
HugePages_Total:       0
HugePages_Free:        0
HugePages_Rsvd:        0
HugePages_Surp:        0
Hugepagesize:       2048 kB
Hugetlb:               0 kB
DirectMap4k:      222008 kB
DirectMap2M:    25989120 kB
DirectMap1G:    42991616 kB

/sys/kernel/mm/transparent_hugepage/enabled: always [madvise] never
/sys/kernel/mm/transparent_hugepage/defrag (defrag/compaction efforts parameter): always defer defer+madvise [madvise] never

Process Memory:
Virtual Size: 4789884K (peak: 4873020K)
Resident Set Size: 764740K (peak: 802524K) (anon: 567208K, file: 197532K, shmem: 0K)
Swapped out: 0K
C-Heap outstanding allocations: 39654K, retained: 13953K
glibc malloc tunables: (default)

/proc/sys/kernel/threads-max (system-wide limit on the number of threads): 514278
/proc/sys/vm/max_map_count (maximum number of memory map areas a process may have): 65530
/proc/sys/kernel/pid_max (system-wide limit on number of process identifiers): 4194304

container (cgroup) information:
container_type: cgroupv2
cpu_cpuset_cpus: not supported
cpu_memory_nodes: not supported
active_processor_count: 1
cpu_quota: 50000
cpu_period: 100000
cpu_shares: no shares
memory_limit_in_bytes: 1048576 k
memory_and_swap_limit_in_bytes: unlimited
memory_soft_limit_in_bytes: 524288 k
memory_usage_in_bytes: 675436 k
memory_max_usage_in_bytes: not supported
maximum number of tasks: not supported
current number of tasks: not supported

KVM virtualization detected
Steal ticks since vm start: 6940
Steal ticks percentage since vm start:  0.007

CPU: total 8 (initial active 1) (4 cores per cpu, 2 threads per core) family 6 model 79 stepping 0 microcode 0xffffffff, cx8, cmov, fxsr, ht, mmx, 3dnowpref, sse, sse2, sse3, ssse3, sse4.1, sse4.2, popcnt, lzcnt, tsc, tscinvbit, avx, avx2, aes, erms, clmul, bmi1, bmi2, rtm, adx, fma, vzeroupper, clflush, hv
CPU Model and flags from /proc/cpuinfo:
model name	: Intel(R) Xeon(R) CPU @ 2.20GHz
flags		: fpu vme de pse tsc msr pae mce cx8 apic sep mtrr pge mca cmov pat pse36 clflush mmx fxsr sse sse2 ss ht syscall nx pdpe1gb rdtscp lm constant_tsc rep_good nopl xtopology nonstop_tsc cpuid tsc_known_freq pni pclmulqdq ssse3 fma cx16 pcid sse4_1 sse4_2 x2apic movbe popcnt aes xsave avx f16c rdrand hypervisor lahf_lm abm 3dnowprefetch invpcid_single pti ssbd ibrs ibpb stibp fsgsbase tsc_adjust bmi1 hle avx2 smep bmi2 erms invpcid rtm rdseed adx smap xsaveopt arat md_clear arch_capabilities

Online cpus: 0-7
Offline cpus: 
BIOS frequency limitation: <Not Available>
Frequency switch latency (ns): <Not Available>
Available cpu frequencies: <Not Available>
Current governor: <Not Available>
Core performance/turbo boost: <Not Available>

Memory: 4k page, physical 1048576k(373132k free), swap 0k(0k free)
Page Sizes: 4k

vm_info: OpenJDK 64-Bit Server VM (17.0.5+8-jvmci-22.3-b08) for linux-amd64 JRE (17.0.5+8-jvmci-22.3-b08), built on Oct 19 2022 09:01:27 by "buildslave" with gcc 10.3.0

END.
